#
# There is insufficient memory for the Java Runtime Environment to continue.
# Native memory allocation (mmap) failed to map 52428800 bytes for committing reserved memory.
# Possible reasons:
#   The system is out of physical RAM or swap space
#   In 32 bit mode, the process size limit was hit
# Possible solutions:
#   Reduce memory load on the system
#   Increase physical memory or swap space
#   Check if swap backing store is full
#   Use 64 bit Java on a 64 bit OS
#   Decrease Java heap size (-Xmx/-Xms)
#   Decrease number of Java threads
#   Decrease Java thread stack sizes (-Xss)
#   Set larger code cache with -XX:ReservedCodeCacheSize=
# This output file may be truncated or incomplete.
#
#  Out of Memory Error (os_linux.cpp:2673), pid=14694, tid=139999460456192
#
# JRE version: OpenJDK Runtime Environment (8.0_40-b10) (build 1.8.0_40-b10)
# Java VM: OpenJDK 64-Bit Server VM (25.40-b14 mixed mode linux-amd64 compressed oops)
# Failed to write core dump. Core dumps have been disabled. To enable core dumping, try "ulimit -c unlimited" before starting Java again
#

---------------  T H R E A D  ---------------

Current thread (0x00007f5424077000):  VMThread [stack: 0x00007f542a0bf000,0x00007f542a1c0000] [id=14700]

Stack: [0x00007f542a0bf000,0x00007f542a1c0000],  sp=0x00007f542a1be630,  free space=1021k
Native frames: (J=compiled Java code, j=interpreted, Vv=VM code, C=native code)
V  [libjvm.so+0x9bdb78]  VMError::report_and_die()+0x148
V  [libjvm.so+0x4a70fa]  report_vm_out_of_memory(char const*, int, unsigned long, VMErrorType, char const*)+0x8a
V  [libjvm.so+0x82f430]  os::pd_commit_memory(char*, unsigned long, unsigned long, bool)+0xf0
V  [libjvm.so+0x82a2ff]  os::commit_memory(char*, unsigned long, unsigned long, bool)+0x1f
V  [libjvm.so+0x9ba9c4]  VirtualSpace::expand_by(unsigned long, bool)+0x1c4
V  [libjvm.so+0x4abc55]  DefNewGeneration::compute_new_size()+0x105
V  [libjvm.so+0x57bb18]  GenCollectedHeap::do_collection(bool, bool, unsigned long, bool, int)+0x7a8
V  [libjvm.so+0x43b972]  GenCollectorPolicy::satisfy_failed_allocation(unsigned long, bool)+0xb2
V  [libjvm.so+0x9bead2]  VM_GenCollectForAllocation::doit()+0x82
V  [libjvm.so+0x9c38e7]  VM_Operation::evaluate()+0x47
V  [libjvm.so+0x9c23b8]  VMThread::evaluate_operation(VM_Operation*)+0x2f8
V  [libjvm.so+0x9c2841]  VMThread::loop()+0x1f1
V  [libjvm.so+0x9c2c72]  VMThread::run()+0x72
V  [libjvm.so+0x82ca72]  java_start(Thread*)+0xf2

VM_Operation (0x00007f54281a53a0): GenCollectForAllocation, mode: safepoint, requested by thread 0x00007f53f8439800


---------------  P R O C E S S  ---------------

Java Threads: ( => current thread )
  0x00007f5404290800 JavaThread "communication thread" daemon [_thread_blocked, id=14752, stack(0x00007f5414eff000,0x00007f5415000000)]
  0x00007f53f8439800 JavaThread "LocalJobRunner Map Task Executor #0" [_thread_blocked, id=14745, stack(0x00007f54280a6000,0x00007f54281a7000)]
  0x00007f5424d7b000 JavaThread "Thread-17" [_thread_blocked, id=14744, stack(0x00007f5428c4a000,0x00007f5428d4b000)]
  0x00007f5424bcc000 JavaThread "process reaper" daemon [_thread_blocked, id=14710, stack(0x00007f5428d4b000,0x00007f5428d84000)]
  0x00007f54240ed000 JavaThread "Service Thread" daemon [_thread_blocked, id=14707, stack(0x00007f542994a000,0x00007f5429a4b000)]
  0x00007f54240be000 JavaThread "C1 CompilerThread1" daemon [_thread_blocked, id=14705, stack(0x00007f5429a4b000,0x00007f5429b4c000)]
  0x00007f54240bb800 JavaThread "C2 CompilerThread0" daemon [_thread_blocked, id=14704, stack(0x00007f5429b4c000,0x00007f5429c4d000)]
  0x00007f54240ba000 JavaThread "Signal Dispatcher" daemon [_thread_blocked, id=14703, stack(0x00007f5429c4d000,0x00007f5429d4e000)]
  0x00007f542407e800 JavaThread "Finalizer" daemon [_thread_blocked, id=14702, stack(0x00007f5429ebd000,0x00007f5429fbe000)]
  0x00007f542407c000 JavaThread "Reference Handler" daemon [_thread_blocked, id=14701, stack(0x00007f5429fbe000,0x00007f542a0bf000)]
  0x00007f5424013000 JavaThread "main" [_thread_blocked, id=14695, stack(0x00007f542dd67000,0x00007f542de68000)]

Other Threads:
=>0x00007f5424077000 VMThread [stack: 0x00007f542a0bf000,0x00007f542a1c0000] [id=14700]
  0x00007f54240f0000 WatcherThread [stack: 0x00007f5429849000,0x00007f542994a000] [id=14708]

VM state:at safepoint (normal execution)

VM Mutex/Monitor currently owned by a thread:  ([mutex/lock_event])
[0x00007f54240116f0] ExpandHeap_lock - owner thread: 0x00007f5424077000
[0x00007f5424011d70] Threads_lock - owner thread: 0x00007f5424077000
[0x00007f5424012270] Heap_lock - owner thread: 0x00007f53f8439800

Heap:
 def new generation   total 4992K, used 0K [0x00000000e0e00000, 0x00000000e1360000, 0x00000000eb400000)
  eden space 4480K,   0% used [0x00000000e0e00000, 0x00000000e0e00000, 0x00000000e1260000)
  from space 512K,   0% used [0x00000000e12e0000, 0x00000000e12e0000, 0x00000000e1360000)
  to   space 512K,   0% used [0x00000000e1260000, 0x00000000e1260000, 0x00000000e12e0000)
 tenured generation   total 113348K, used 5569K [0x00000000eb400000, 0x00000000f22b1000, 0x0000000100000000)
   the space 113348K,   4% used [0x00000000eb400000, 0x00000000eb970600, 0x00000000eb970600, 0x00000000f22b1000)
 Metaspace       used 15121K, capacity 15342K, committed 15744K, reserved 1062912K
  class space    used 1757K, capacity 1797K, committed 1920K, reserved 1048576K

Card table byte_map: [0x00007f542acab000,0x00007f542ada5000] byte_map_base: 0x00007f542a5a4000

Polling page: 0x00007f542de86000

CodeCache: size=245760Kb used=5720Kb max_used=5720Kb free=240039Kb
 bounds [0x00007f5415000000, 0x00007f54155a0000, 0x00007f5424000000]
 total_blobs=2022 nmethods=1630 adapters=307
 compilation: enabled

Compilation events (10 events):
Event: 11.010 Thread 0x00007f54240be000 1641       3       java.net.URI::getFragment (30 bytes)
Event: 11.010 Thread 0x00007f54240be000 nmethod 1641 0x00007f5415595e50 code [0x00007f5415595fc0, 0x00007f54155961e8]
Event: 11.010 Thread 0x00007f54240be000 1642   !   3       org.apache.hadoop.fs.Path::initialize (40 bytes)
Event: 11.011 Thread 0x00007f54240be000 nmethod 1642 0x00007f5415596290 code [0x00007f5415596440, 0x00007f54155968b8]
Event: 11.014 Thread 0x00007f54240be000 1643       3       org.apache.hadoop.fs.FileSystem::getDefaultPort (2 bytes)
Event: 11.014 Thread 0x00007f54240be000 nmethod 1643 0x00007f5415596b10 code [0x00007f5415596c60, 0x00007f5415596db0]
Event: 11.014 Thread 0x00007f54240be000 1644   !   3       org.apache.hadoop.fs.FileSystem::canonicalizeUri (84 bytes)
Event: 11.016 Thread 0x00007f54240be000 nmethod 1644 0x00007f5415596e50 code [0x00007f5415597100, 0x00007f5415598738]
Event: 11.016 Thread 0x00007f54240be000 1645       1       java.util.Formatter::access$000 (5 bytes)
Event: 11.016 Thread 0x00007f54240be000 nmethod 1645 0x00007f5415598fd0 code [0x00007f5415599120, 0x00007f5415599210]

GC Heap History (10 events):
Event: 4.024 GC heap after
Heap after GC invocations=25 (full 0):
 def new generation   total 4928K, used 511K [0x00000000e0e00000, 0x00000000e1350000, 0x00000000eb400000)
  eden space 4416K,   0% used [0x00000000e0e00000, 0x00000000e0e00000, 0x00000000e1250000)
  from space 512K,  99% used [0x00000000e12d0000, 0x00000000e134fff8, 0x00000000e1350000)
  to   space 512K,   0% used [0x00000000e1250000, 0x00000000e1250000, 0x00000000e12d0000)
 tenured generation   total 10944K, used 7315K [0x00000000eb400000, 0x00000000ebeb0000, 0x0000000100000000)
   the space 10944K,  66% used [0x00000000eb400000, 0x00000000ebb24e18, 0x00000000ebb25000, 0x00000000ebeb0000)
 Metaspace       used 14005K, capacity 14230K, committed 14592K, reserved 1062912K
  class space    used 1616K, capacity 1665K, committed 1792K, reserved 1048576K
}
Event: 4.105 GC heap before
{Heap before GC invocations=25 (full 0):
 def new generation   total 4928K, used 4927K [0x00000000e0e00000, 0x00000000e1350000, 0x00000000eb400000)
  eden space 4416K, 100% used [0x00000000e0e00000, 0x00000000e1250000, 0x00000000e1250000)
  from space 512K,  99% used [0x00000000e12d0000, 0x00000000e134fff8, 0x00000000e1350000)
  to   space 512K,   0% used [0x00000000e1250000, 0x00000000e1250000, 0x00000000e12d0000)
 tenured generation   total 10944K, used 7315K [0x00000000eb400000, 0x00000000ebeb0000, 0x0000000100000000)
   the space 10944K,  66% used [0x00000000eb400000, 0x00000000ebb24e18, 0x00000000ebb25000, 0x00000000ebeb0000)
 Metaspace       used 14248K, capacity 14454K, committed 14592K, reserved 1062912K
  class space    used 1647K, capacity 1697K, committed 1792K, reserved 1048576K
Event: 4.107 GC heap after
Heap after GC invocations=26 (full 0):
 def new generation   total 4928K, used 458K [0x00000000e0e00000, 0x00000000e1350000, 0x00000000eb400000)
  eden space 4416K,   0% used [0x00000000e0e00000, 0x00000000e0e00000, 0x00000000e1250000)
  from space 512K,  89% used [0x00000000e1250000, 0x00000000e12c2a58, 0x00000000e12d0000)
  to   space 512K,   0% used [0x00000000e12d0000, 0x00000000e12d0000, 0x00000000e1350000)
 tenured generation   total 10944K, used 7360K [0x00000000eb400000, 0x00000000ebeb0000, 0x0000000100000000)
   the space 10944K,  67% used [0x00000000eb400000, 0x00000000ebb300e8, 0x00000000ebb30200, 0x00000000ebeb0000)
 Metaspace       used 14248K, capacity 14454K, committed 14592K, reserved 1062912K
  class space    used 1647K, capacity 1697K, committed 1792K, reserved 1048576K
}
Event: 4.163 GC heap before
{Heap before GC invocations=26 (full 0):
 def new generation   total 4928K, used 4874K [0x00000000e0e00000, 0x00000000e1350000, 0x00000000eb400000)
  eden space 4416K, 100% used [0x00000000e0e00000, 0x00000000e1250000, 0x00000000e1250000)
  from space 512K,  89% used [0x00000000e1250000, 0x00000000e12c2a58, 0x00000000e12d0000)
  to   space 512K,   0% used [0x00000000e12d0000, 0x00000000e12d0000, 0x00000000e1350000)
 tenured generation   total 10944K, used 7360K [0x00000000eb400000, 0x00000000ebeb0000, 0x0000000100000000)
   the space 10944K,  67% used [0x00000000eb400000, 0x00000000ebb300e8, 0x00000000ebb30200, 0x00000000ebeb0000)
 Metaspace       used 14290K, capacity 14454K, committed 14592K, reserved 1062912K
  class space    used 1650K, capacity 1697K, committed 1792K, reserved 1048576K
Event: 4.165 GC heap after
Heap after GC invocations=27 (full 0):
 def new generation   total 4928K, used 486K [0x00000000e0e00000, 0x00000000e1350000, 0x00000000eb400000)
  eden space 4416K,   0% used [0x00000000e0e00000, 0x00000000e0e00000, 0x00000000e1250000)
  from space 512K,  95% used [0x00000000e12d0000, 0x00000000e1349b08, 0x00000000e1350000)
  to   space 512K,   0% used [0x00000000e1250000, 0x00000000e1250000, 0x00000000e12d0000)
 tenured generation   total 10944K, used 7696K [0x00000000eb400000, 0x00000000ebeb0000, 0x0000000100000000)
   the space 10944K,  70% used [0x00000000eb400000, 0x00000000ebb84268, 0x00000000ebb84400, 0x00000000ebeb0000)
 Metaspace       used 14290K, capacity 14454K, committed 14592K, reserved 1062912K
  class space    used 1650K, capacity 1697K, committed 1792K, reserved 1048576K
}
Event: 4.398 GC heap before
{Heap before GC invocations=27 (full 0):
 def new generation   total 4928K, used 4902K [0x00000000e0e00000, 0x00000000e1350000, 0x00000000eb400000)
  eden space 4416K, 100% used [0x00000000e0e00000, 0x00000000e1250000, 0x00000000e1250000)
  from space 512K,  95% used [0x00000000e12d0000, 0x00000000e1349b08, 0x00000000e1350000)
  to   space 512K,   0% used [0x00000000e1250000, 0x00000000e1250000, 0x00000000e12d0000)
 tenured generation   total 10944K, used 7696K [0x00000000eb400000, 0x00000000ebeb0000, 0x0000000100000000)
   the space 10944K,  70% used [0x00000000eb400000, 0x00000000ebb84268, 0x00000000ebb84400, 0x00000000ebeb0000)
 Metaspace       used 14759K, capacity 14990K, committed 15104K, reserved 1062912K
  class space    used 1712K, capacity 1765K, committed 1792K, reserved 1048576K
Event: 4.400 GC heap after
Heap after GC invocations=28 (full 0):
 def new generation   total 4928K, used 357K [0x00000000e0e00000, 0x00000000e1350000, 0x00000000eb400000)
  eden space 4416K,   0% used [0x00000000e0e00000, 0x00000000e0e00000, 0x00000000e1250000)
  from space 512K,  69% used [0x00000000e1250000, 0x00000000e12a97c0, 0x00000000e12d0000)
  to   space 512K,   0% used [0x00000000e12d0000, 0x00000000e12d0000, 0x00000000e1350000)
 tenured generation   total 10944K, used 7758K [0x00000000eb400000, 0x00000000ebeb0000, 0x0000000100000000)
   the space 10944K,  70% used [0x00000000eb400000, 0x00000000ebb93928, 0x00000000ebb93a00, 0x00000000ebeb0000)
 Metaspace       used 14759K, capacity 14990K, committed 15104K, reserved 1062912K
  class space    used 1712K, capacity 1765K, committed 1792K, reserved 1048576K
}
Event: 4.431 GC heap before
{Heap before GC invocations=28 (full 0):
 def new generation   total 4928K, used 1932K [0x00000000e0e00000, 0x00000000e1350000, 0x00000000eb400000)
  eden space 4416K,  35% used [0x00000000e0e00000, 0x00000000e0f899d0, 0x00000000e1250000)
  from space 512K,  69% used [0x00000000e1250000, 0x00000000e12a97c0, 0x00000000e12d0000)
  to   space 512K,   0% used [0x00000000e12d0000, 0x00000000e12d0000, 0x00000000e1350000)
 tenured generation   total 10944K, used 7758K [0x00000000eb400000, 0x00000000ebeb0000, 0x0000000100000000)
   the space 10944K,  70% used [0x00000000eb400000, 0x00000000ebb93928, 0x00000000ebb93a00, 0x00000000ebeb0000)
 Metaspace       used 14871K, capacity 15086K, committed 15488K, reserved 1062912K
  class space    used 1726K, capacity 1797K, committed 1920K, reserved 1048576K
Event: 4.453 GC heap after
Heap after GC invocations=29 (full 1):
 def new generation   total 4992K, used 0K [0x00000000e0e00000, 0x00000000e1360000, 0x00000000eb400000)
  eden space 4480K,   0% used [0x00000000e0e00000, 0x00000000e0e00000, 0x00000000e1260000)
  from space 512K,   0% used [0x00000000e1260000, 0x00000000e1260000, 0x00000000e12e0000)
  to   space 512K,   0% used [0x00000000e12e0000, 0x00000000e12e0000, 0x00000000e1360000)
 tenured generation   total 10944K, used 5464K [0x00000000eb400000, 0x00000000ebeb0000, 0x0000000100000000)
   the space 10944K,  49% used [0x00000000eb400000, 0x00000000eb956228, 0x00000000eb956400, 0x00000000ebeb0000)
 Metaspace       used 14871K, capacity 15086K, committed 15488K, reserved 1062912K
  class space    used 1726K, capacity 1797K, committed 1920K, reserved 1048576K
}
Event: 11.016 GC heap before
{Heap before GC invocations=29 (full 1):
 def new generation   total 4992K, used 3097K [0x00000000e0e00000, 0x00000000e1360000, 0x00000000eb400000)
  eden space 4480K,  69% used [0x00000000e0e00000, 0x00000000e11065a8, 0x00000000e1260000)
  from space 512K,   0% used [0x00000000e1260000, 0x00000000e1260000, 0x00000000e12e0000)
  to   space 512K,   0% used [0x00000000e12e0000, 0x00000000e12e0000, 0x00000000e1360000)
 tenured generation   total 113348K, used 107864K [0x00000000eb400000, 0x00000000f22b1000, 0x0000000100000000)
   the space 113348K,  95% used [0x00000000eb400000, 0x00000000f1d56238, 0x00000000f1d56400, 0x00000000f22b1000)
 Metaspace       used 15121K, capacity 15342K, committed 15744K, reserved 1062912K
  class space    used 1757K, capacity 1797K, committed 1920K, reserved 1048576K

Deoptimization events (10 events):
Event: 3.794 Thread 0x00007f5424013000 Uncommon trap: reason=unstable_if action=reinterpret pc=0x00007f5415325a4c method=org.apache.xerces.dom.DeferredDocumentImpl.clearChunkIndex([[III)I @ 47
Event: 3.958 Thread 0x00007f5424013000 Uncommon trap: reason=speculate_class_check action=maybe_recompile pc=0x00007f541546b6c8 method=org.apache.xerces.dom.CoreDocumentImpl.isKidOK(Lorg/w3c/dom/Node;Lorg/w3c/dom/Node;)Z @ 39
Event: 4.033 Thread 0x00007f5424013000 Uncommon trap: reason=unstable_if action=reinterpret pc=0x00007f54153ad784 method=org.apache.xerces.impl.XMLEntityScanner.scanQName(Lorg/apache/xerces/xni/QName;)Z @ 68
Event: 4.061 Thread 0x00007f5424d7b000 Uncommon trap: reason=unstable_if action=reinterpret pc=0x00007f541527dccc method=java.lang.AbstractStringBuilder.append(Ljava/lang/String;)Ljava/lang/AbstractStringBuilder; @ 1
Event: 9.252 Thread 0x00007f53f8439800 Uncommon trap: reason=class_check action=maybe_recompile pc=0x00007f54155275ec method=java.io.Writer.write(Ljava/lang/String;)V @ 7
Event: 9.252 Thread 0x00007f53f8439800 Uncommon trap: reason=unstable_if action=reinterpret pc=0x00007f54154ac638 method=sun.nio.cs.UTF_8$Encoder.encodeArrayLoop(Ljava/nio/CharBuffer;Ljava/nio/ByteBuffer;)Ljava/nio/charset/CoderResult; @ 87
Event: 9.252 Thread 0x00007f53f8439800 Uncommon trap: reason=class_check action=maybe_recompile pc=0x00007f54155275ec method=java.io.Writer.write(Ljava/lang/String;)V @ 7
Event: 9.253 Thread 0x00007f53f8439800 Uncommon trap: reason=class_check action=maybe_recompile pc=0x00007f54155275ec method=java.io.Writer.write(Ljava/lang/String;)V @ 7
Event: 9.253 Thread 0x00007f53f8439800 Uncommon trap: reason=class_check action=maybe_recompile pc=0x00007f54155275ec method=java.io.Writer.write(Ljava/lang/String;)V @ 7
Event: 10.005 Thread 0x00007f53f8439800 Uncommon trap: reason=unstable_if action=reinterpret pc=0x00007f54151b7204 method=java.io.UnixFileSystem.normalize(Ljava/lang/String;)Ljava/lang/String; @ 34

Internal exceptions (10 events):
Event: 1.580 Thread 0x00007f5424013000 Exception <a 'java/lang/ArrayIndexOutOfBoundsException': 18> (0x00000000e0ff13a0) thrown at [/home/abuild/rpmbuild/BUILD/jdk8u-1053aeab6b12/hotspot/src/share/vm/interpreter/interpreterRuntime.cpp, line 366]
Event: 1.582 Thread 0x00007f5424013000 Exception <a 'java/lang/ArrayIndexOutOfBoundsException': 22> (0x00000000e0ff46a0) thrown at [/home/abuild/rpmbuild/BUILD/jdk8u-1053aeab6b12/hotspot/src/share/vm/interpreter/interpreterRuntime.cpp, line 366]
Event: 1.586 Thread 0x00007f5424013000 Exception <a 'java/lang/ArrayIndexOutOfBoundsException': 160> (0x00000000e0ff69c8) thrown at [/home/abuild/rpmbuild/BUILD/jdk8u-1053aeab6b12/hotspot/src/share/vm/interpreter/interpreterRuntime.cpp, line 366]
Event: 1.591 Thread 0x00007f5424013000 Exception <a 'java/lang/ClassNotFoundException': org/apache/log4j/LayoutCustomizer> (0x00000000e1019e00) thrown at [/home/abuild/rpmbuild/BUILD/jdk8u-1053aeab6b12/hotspot/src/share/vm/classfile/systemDictionary.cpp, line 211]
Event: 1.596 Thread 0x00007f5424013000 Exception <a 'java/lang/ClassNotFoundException': org/apache/log4j/PatternLayoutCustomizer> (0x00000000e1062d68) thrown at [/home/abuild/rpmbuild/BUILD/jdk8u-1053aeab6b12/hotspot/src/share/vm/classfile/systemDictionary.cpp, line 211]
Event: 2.687 Thread 0x00007f5424013000 Exception <a 'java/net/UnknownHostException'> (0x00000000e1103dc8) thrown at [/home/abuild/rpmbuild/BUILD/jdk8u-1053aeab6b12/hotspot/src/share/vm/prims/jni.cpp, line 735]
Event: 2.780 Thread 0x00007f5424013000 Exception <a 'java/lang/reflect/InvocationTargetException'> (0x00000000e1142e18) thrown at [/home/abuild/rpmbuild/BUILD/jdk8u-1053aeab6b12/hotspot/src/share/vm/runtime/reflection.cpp, line 1080]
Event: 3.016 Thread 0x00007f542407e800 Exception <a 'java/lang/NullPointerException'> (0x00000000e0e02188) thrown at [/home/abuild/rpmbuild/BUILD/jdk8u-1053aeab6b12/hotspot/src/share/vm/interpreter/linkResolver.cpp, line 1280]
Event: 3.016 Thread 0x00007f542407e800 Exception <a 'java/lang/NullPointerException'> (0x00000000e0e02368) thrown at [/home/abuild/rpmbuild/BUILD/jdk8u-1053aeab6b12/hotspot/src/share/vm/interpreter/linkResolver.cpp, line 1280]
Event: 4.061 Thread 0x00007f5424d7b000 Implicit null exception at 0x00007f541527d975 to 0x00007f541527dcb9

Events (10 events):
Event: 10.906 loading class org/apache/hadoop/fs/FileSystem$Statistics$5 done
Event: 10.907 loading class org/apache/hadoop/fs/FileSystem$Statistics$6
Event: 10.907 loading class org/apache/hadoop/fs/FileSystem$Statistics$6 done
Event: 10.916 Thread 0x00007f5404290800 Thread exited: 0x00007f5404290800
Event: 10.918 loading class java/util/concurrent/ConcurrentSkipListMap$EntryIterator
Event: 10.920 loading class java/util/concurrent/ConcurrentSkipListMap$EntryIterator done
Event: 10.920 loading class java/util/AbstractMap$SimpleImmutableEntry
Event: 10.930 loading class java/util/AbstractMap$SimpleImmutableEntry done
Event: 10.949 Thread 0x00007f5404290800 Thread added: 0x00007f5404290800
Event: 11.016 Executing VM operation: GenCollectForAllocation


Dynamic libraries:
00400000-00401000 r-xp 00000000 00:20 25950                              /usr/lib64/jvm/java-1.8.0-openjdk-1.8.0/jre/bin/java
00600000-00601000 r--p 00000000 00:20 25950                              /usr/lib64/jvm/java-1.8.0-openjdk-1.8.0/jre/bin/java
00601000-00602000 rw-p 00001000 00:20 25950                              /usr/lib64/jvm/java-1.8.0-openjdk-1.8.0/jre/bin/java
00f60000-00f81000 rw-p 00000000 00:00 0                                  [heap]
e0e00000-e1360000 rw-p 00000000 00:00 0 
e4560000-eb400000 ---p 00000000 00:00 0 
eb400000-f22b1000 rw-p 00000000 00:00 0 
f22b1000-100000000 ---p 00000000 00:00 0 
100000000-1001e0000 rw-p 00000000 00:00 0 
1001e0000-140000000 ---p 00000000 00:00 0 
7f53f8000000-7f53f8444000 rw-p 00000000 00:00 0 
7f53f8444000-7f53fc000000 ---p 00000000 00:00 0 
7f53fc000000-7f53fc021000 rw-p 00000000 00:00 0 
7f53fc021000-7f5400000000 ---p 00000000 00:00 0 
7f5400000000-7f5400021000 rw-p 00000000 00:00 0 
7f5400021000-7f5404000000 ---p 00000000 00:00 0 
7f5404000000-7f5404d0a000 rw-p 00000000 00:00 0 
7f5404d0a000-7f5408000000 ---p 00000000 00:00 0 
7f5408000000-7f5408021000 rw-p 00000000 00:00 0 
7f5408021000-7f540c000000 ---p 00000000 00:00 0 
7f540c000000-7f540c021000 rw-p 00000000 00:00 0 
7f540c021000-7f5410000000 ---p 00000000 00:00 0 
7f5410000000-7f54102ad000 rw-p 00000000 00:00 0 
7f54102ad000-7f5414000000 ---p 00000000 00:00 0 
7f5414dfe000-7f5414e01000 ---p 00000000 00:00 0 
7f5414e01000-7f5414eff000 rw-p 00000000 00:00 0 
7f5414eff000-7f5414f02000 ---p 00000000 00:00 0 
7f5414f02000-7f5415000000 rw-p 00000000 00:00 0                          [stack:14752]
7f5415000000-7f54155a0000 rwxp 00000000 00:00 0 
7f54155a0000-7f5424000000 ---p 00000000 00:00 0 
7f5424000000-7f5424d8d000 rw-p 00000000 00:00 0 
7f5424d8d000-7f5428000000 ---p 00000000 00:00 0 
7f54280a5000-7f54280a6000 rw-p 00000000 00:00 0 
7f54280a6000-7f54280a9000 ---p 00000000 00:00 0 
7f54280a9000-7f5428327000 rw-p 00000000 00:00 0                          [stack:14745]
7f5428327000-7f54283a7000 ---p 00000000 00:00 0 
7f54283a7000-7f54283ac000 r--s 002f8000 00:20 26006                      /usr/lib64/jvm/java-1.8.0-openjdk-1.8.0/jre/lib/charsets.jar
7f54283ac000-7f54283bf000 r--s 00345000 00:20 26058                      /usr/lib64/jvm/java-1.8.0-openjdk-1.8.0/jre/lib/resources.jar
7f54283bf000-7f54283c5000 r--s 0003a000 00:20 26027                      /usr/lib64/jvm/java-1.8.0-openjdk-1.8.0/jre/lib/ext/sunjce_provider.jar
7f54283c5000-7f54283ec000 r-xp 00000000 00:20 25997                      /usr/lib64/jvm/java-1.8.0-openjdk-1.8.0/jre/lib/amd64/libsunec.so
7f54283ec000-7f54285eb000 ---p 00027000 00:20 25997                      /usr/lib64/jvm/java-1.8.0-openjdk-1.8.0/jre/lib/amd64/libsunec.so
7f54285eb000-7f54285ef000 r--p 00026000 00:20 25997                      /usr/lib64/jvm/java-1.8.0-openjdk-1.8.0/jre/lib/amd64/libsunec.so
7f54285ef000-7f54285f0000 rw-p 0002a000 00:20 25997                      /usr/lib64/jvm/java-1.8.0-openjdk-1.8.0/jre/lib/amd64/libsunec.so
7f54285f0000-7f54285f3000 r--s 00037000 00:20 26028                      /usr/lib64/jvm/java-1.8.0-openjdk-1.8.0/jre/lib/ext/sunpkcs11.jar
7f54285f3000-7f54285f4000 r--s 00008000 00:20 26026                      /usr/lib64/jvm/java-1.8.0-openjdk-1.8.0/jre/lib/ext/sunec.jar
7f54285f4000-7f54285f7000 r--s 00015000 00:20 26042                      /usr/lib64/jvm/java-1.8.0-openjdk-1.8.0/jre/lib/jce.jar
7f54285f7000-7f54287f7000 rw-p 00000000 00:00 0 
7f54287f7000-7f54287f8000 r-xp 00000000 00:20 25978                      /usr/lib64/jvm/java-1.8.0-openjdk-1.8.0/jre/lib/amd64/libjaas_unix.so
7f54287f8000-7f54289f7000 ---p 00001000 00:20 25978                      /usr/lib64/jvm/java-1.8.0-openjdk-1.8.0/jre/lib/amd64/libjaas_unix.so
7f54289f7000-7f54289f8000 r--p 00000000 00:20 25978                      /usr/lib64/jvm/java-1.8.0-openjdk-1.8.0/jre/lib/amd64/libjaas_unix.so
7f54289f8000-7f54289f9000 rw-p 00001000 00:20 25978                      /usr/lib64/jvm/java-1.8.0-openjdk-1.8.0/jre/lib/amd64/libjaas_unix.so
7f54289f9000-7f54289fe000 r--s 00093000 00:20 26044                      /usr/lib64/jvm/java-1.8.0-openjdk-1.8.0/jre/lib/jsse.jar
7f54289fe000-7f5428a33000 r--s 00000000 00:11 12661                      /run/nscd/db5sE37G (deleted)
7f5428a33000-7f5428a49000 r-xp 00000000 00:20 25991                      /usr/lib64/jvm/java-1.8.0-openjdk-1.8.0/jre/lib/amd64/libnet.so
7f5428a49000-7f5428c48000 ---p 00016000 00:20 25991                      /usr/lib64/jvm/java-1.8.0-openjdk-1.8.0/jre/lib/amd64/libnet.so
7f5428c48000-7f5428c49000 r--p 00015000 00:20 25991                      /usr/lib64/jvm/java-1.8.0-openjdk-1.8.0/jre/lib/amd64/libnet.so
7f5428c49000-7f5428c4a000 rw-p 00016000 00:20 25991                      /usr/lib64/jvm/java-1.8.0-openjdk-1.8.0/jre/lib/amd64/libnet.so
7f5428c4a000-7f5428c4d000 ---p 00000000 00:00 0 
7f5428c4d000-7f5428d4b000 rw-p 00000000 00:00 0                          [stack:14744]
7f5428d4b000-7f5428d4e000 ---p 00000000 00:00 0 
7f5428d4e000-7f5428f84000 rw-p 00000000 00:00 0                          [stack:14710]
7f5428f84000-7f5428f8c000 r-xp 00000000 00:20 25989                      /usr/lib64/jvm/java-1.8.0-openjdk-1.8.0/jre/lib/amd64/libmanagement.so
7f5428f8c000-7f542918b000 ---p 00008000 00:20 25989                      /usr/lib64/jvm/java-1.8.0-openjdk-1.8.0/jre/lib/amd64/libmanagement.so
7f542918b000-7f542918c000 r--p 00007000 00:20 25989                      /usr/lib64/jvm/java-1.8.0-openjdk-1.8.0/jre/lib/amd64/libmanagement.so
7f542918c000-7f542918d000 rw-p 00008000 00:20 25989                      /usr/lib64/jvm/java-1.8.0-openjdk-1.8.0/jre/lib/amd64/libmanagement.so
7f542918d000-7f5429197000 r--s 00116000 00:20 26023                      /usr/lib64/jvm/java-1.8.0-openjdk-1.8.0/jre/lib/ext/localedata.jar
7f5429197000-7f54291b3000 r--s 00393000 00:20 26020                      /usr/lib64/jvm/java-1.8.0-openjdk-1.8.0/jre/lib/ext/cldrdata.jar
7f54291b3000-7f54291bb000 r--s 0031f000 00:30 22061                      /home/daniel/Distributed_Systems_Final_Project/ImageSearch_Hadoop/LiRe/lire.jar
7f54291bb000-7f54291c7000 r--s 000b6000 00:30 8140                       /home/daniel/Distributed_Systems_Final_Project/ImageSearch_Hadoop/HadoopCustomLibrary/zookeeper-3.4.6.jar
7f54291c7000-7f54291d0000 r--s 0007b000 00:30 8139                       /home/daniel/Distributed_Systems_Final_Project/ImageSearch_Hadoop/HadoopCustomLibrary/zookeeper-3.4.6-tests.jar
7f54291d0000-7f54291d4000 r--s 00014000 00:30 8138                       /home/daniel/Distributed_Systems_Final_Project/ImageSearch_Hadoop/HadoopCustomLibrary/xz-1.0.jar
7f54291d4000-7f54291d5000 r--s 00003000 00:30 8137                       /home/daniel/Distributed_Systems_Final_Project/ImageSearch_Hadoop/HadoopCustomLibrary/xmlenc-0.52.jar
7f54291d5000-7f54291dd000 r--s 00028000 00:30 8136                       /home/daniel/Distributed_Systems_Final_Project/ImageSearch_Hadoop/HadoopCustomLibrary/xml-apis-1.3.04.jar
7f54291dd000-7f54291f5000 r--s 00115000 00:30 8135                       /home/daniel/Distributed_Systems_Final_Project/ImageSearch_Hadoop/HadoopCustomLibrary/xercesImpl-2.9.1.jar
7f54291f5000-7f54291f7000 r--s 0000c000 00:30 8133                       /home/daniel/Distributed_Systems_Final_Project/ImageSearch_Hadoop/HadoopCustomLibrary/tomcat-i18n-ja.jar
7f54291f7000-7f54291f9000 r--s 0000b000 00:30 8132                       /home/daniel/Distributed_Systems_Final_Project/ImageSearch_Hadoop/HadoopCustomLibrary/tomcat-i18n-fr.jar
7f54291f9000-7f54291fc000 r--s 0000f000 00:30 8131                       /home/daniel/Distributed_Systems_Final_Project/ImageSearch_Hadoop/HadoopCustomLibrary/tomcat-i18n-es.jar
7f54291fc000-7f5429200000 r--s 00032000 00:30 8130                       /home/daniel/Distributed_Systems_Final_Project/ImageSearch_Hadoop/HadoopCustomLibrary/tomcat-dbcp.jar
7f5429200000-7f542920b000 r--s 000b8000 00:30 8129                       /home/daniel/Distributed_Systems_Final_Project/ImageSearch_Hadoop/HadoopCustomLibrary/tomcat-coyote.jar
7f542920b000-7f542920d000 r--s 00004000 00:30 8128                       /home/daniel/Distributed_Systems_Final_Project/ImageSearch_Hadoop/HadoopCustomLibrary/stax-api-1.0-2.jar
7f542920d000-7f542920f000 r--s 000f2000 00:30 8127                       /home/daniel/Distributed_Systems_Final_Project/ImageSearch_Hadoop/HadoopCustomLibrary/snappy-java-1.0.4.1.jar
7f542920f000-7f5429211000 r--s 00001000 00:30 8126                       /home/daniel/Distributed_Systems_Final_Project/ImageSearch_Hadoop/HadoopCustomLibrary/slf4j-log4j12-1.7.10.jar
7f5429211000-7f5429212000 r--s 00007000 00:30 8125                       /home/daniel/Distributed_Systems_Final_Project/ImageSearch_Hadoop/HadoopCustomLibrary/slf4j-api-1.7.10.jar
7f5429212000-7f5429215000 r--s 0001e000 00:30 8124                       /home/daniel/Distributed_Systems_Final_Project/ImageSearch_Hadoop/HadoopCustomLibrary/servlet-api.jar
7f5429215000-7f5429217000 r--s 00018000 00:30 8123                       /home/daniel/Distributed_Systems_Final_Project/ImageSearch_Hadoop/HadoopCustomLibrary/servlet-api-2.5.jar
7f5429217000-7f542921f000 r--s 0007b000 00:30 8122                       /home/daniel/Distributed_Systems_Final_Project/ImageSearch_Hadoop/HadoopCustomLibrary/protobuf-java-2.5.0.jar
7f542921f000-7f5429221000 r--s 00006000 00:30 8121                       /home/daniel/Distributed_Systems_Final_Project/ImageSearch_Hadoop/HadoopCustomLibrary/paranamer-2.3.jar
7f5429221000-7f542923e000 r--s 00196000 00:30 8120                       /home/daniel/Distributed_Systems_Final_Project/ImageSearch_Hadoop/HadoopCustomLibrary/netty-all-4.0.23.Final.jar
7f542923e000-7f5429255000 r--s 0010e000 00:30 8119                       /home/daniel/Distributed_Systems_Final_Project/ImageSearch_Hadoop/HadoopCustomLibrary/netty-3.6.2.Final.jar
7f5429255000-7f5429272000 r--s 0013e000 00:30 8118                       /home/daniel/Distributed_Systems_Final_Project/ImageSearch_Hadoop/HadoopCustomLibrary/mockito-all-1.8.5.jar
7f5429272000-7f5429275000 r--s 00012000 00:30 8117                       /home/daniel/Distributed_Systems_Final_Project/ImageSearch_Hadoop/HadoopCustomLibrary/metrics-core-3.0.1.jar
7f5429275000-7f542927e000 r--s 0006f000 00:30 8116                       /home/daniel/Distributed_Systems_Final_Project/ImageSearch_Hadoop/HadoopCustomLibrary/log4j-1.2.17.jar
7f542927e000-7f5429281000 r--s 000fd000 00:30 8115                       /home/daniel/Distributed_Systems_Final_Project/ImageSearch_Hadoop/HadoopCustomLibrary/leveldbjni-all-1.8.jar
7f5429281000-7f5429287000 r--s 00036000 00:30 8114                       /home/daniel/Distributed_Systems_Final_Project/ImageSearch_Hadoop/HadoopCustomLibrary/junit-4.11.jar
7f5429287000-7f5429289000 r--s 00000000 00:30 8113                       /home/daniel/Distributed_Systems_Final_Project/ImageSearch_Hadoop/HadoopCustomLibrary/jul-to-slf4j-1.7.10.jar
7f5429289000-7f542928c000 r--s 00006000 00:30 8112                       /home/daniel/Distributed_Systems_Final_Project/ImageSearch_Hadoop/HadoopCustomLibrary/jsr305-3.0.0.jar
7f542928c000-7f542928e000 r--s 00011000 00:30 8111                       /home/daniel/Distributed_Systems_Final_Project/ImageSearch_Hadoop/HadoopCustomLibrary/jsp-api.jar
7f542928e000-7f5429291000 r--s 00016000 00:30 8110                       /home/daniel/Distributed_Systems_Final_Project/ImageSearch_Hadoop/HadoopCustomLibrary/jsp-api-2.1.jar
7f5429291000-7f5429292000 r--s 00003000 00:30 8109                       /home/daniel/Distributed_Systems_Final_Project/ImageSearch_Hadoop/HadoopCustomLibrary/json-simple-1.1.jar
7f5429292000-7f5429295000 r--s 0002b000 00:30 8108                       /home/daniel/Distributed_Systems_Final_Project/ImageSearch_Hadoop/HadoopCustomLibrary/jsch-0.1.42.jar
7f5429295000-7f54292a4000 r--s 00081000 00:30 8107                       /home/daniel/Distributed_Systems_Final_Project/ImageSearch_Hadoop/HadoopCustomLibrary/joda-time-2.7.jar
7f54292a4000-7f54292a6000 r--s 00014000 00:30 8106                       /home/daniel/Distributed_Systems_Final_Project/ImageSearch_Hadoop/HadoopCustomLibrary/jline-0.9.94.jar
7f54292a6000-7f54292aa000 r--s 00028000 00:30 8105                       /home/daniel/Distributed_Systems_Final_Project/ImageSearch_Hadoop/HadoopCustomLibrary/jetty-util-6.1.26.jar
7f54292aa000-7f54292b1000 r--s 0007d000 00:30 8104                       /home/daniel/Distributed_Systems_Final_Project/ImageSearch_Hadoop/HadoopCustomLibrary/jetty-6.1.26.jar
7f54292b1000-7f54292b3000 r--s 0000f000 00:30 8103                       /home/daniel/Distributed_Systems_Final_Project/ImageSearch_Hadoop/HadoopCustomLibrary/jettison-1.1.jar
7f54292b3000-7f54292bc000 r--s 0007b000 00:30 8102                       /home/daniel/Distributed_Systems_Final_Project/ImageSearch_Hadoop/HadoopCustomLibrary/jets3t-0.9.0.jar
7f54292bc000-7f54292ce000 r--s 0009d000 00:30 8101                       /home/daniel/Distributed_Systems_Final_Project/ImageSearch_Hadoop/HadoopCustomLibrary/jersey-server-1.9.jar
7f54292ce000-7f54292d2000 r--s 00021000 00:30 8100                       /home/daniel/Distributed_Systems_Final_Project/ImageSearch_Hadoop/HadoopCustomLibrary/jersey-json-1.9.jar
7f54292d2000-7f54292d3000 r--s 00003000 00:30 8099                       /home/daniel/Distributed_Systems_Final_Project/ImageSearch_Hadoop/HadoopCustomLibrary/jersey-guice-1.9.jar
7f54292d3000-7f54292dd000 r--s 00066000 00:30 8098                       /home/daniel/Distributed_Systems_Final_Project/ImageSearch_Hadoop/HadoopCustomLibrary/jersey-core-1.9.jar
7f54292dd000-7f54292e0000 r--s 0001d000 00:30 8097                       /home/daniel/Distributed_Systems_Final_Project/ImageSearch_Hadoop/HadoopCustomLibrary/jersey-client-1.9.jar
7f54292e0000-7f54292f3000 r--s 000c7000 00:30 8096                       /home/daniel/Distributed_Systems_Final_Project/ImageSearch_Hadoop/HadoopCustomLibrary/jaxb-impl-2.2.3-1.jar
7f54292f3000-7f54292f6000 r--s 00017000 00:30 8095                       /home/daniel/Distributed_Systems_Final_Project/ImageSearch_Hadoop/HadoopCustomLibrary/jaxb-api-2.2.2.jar
7f54292f6000-7f54292f7000 r--s 00000000 00:30 8094                       /home/daniel/Distributed_Systems_Final_Project/ImageSearch_Hadoop/HadoopCustomLibrary/javax.inject-1.jar
7f54292f7000-7f54292f8000 r--s 00004000 00:30 8093                       /home/daniel/Distributed_Systems_Final_Project/ImageSearch_Hadoop/HadoopCustomLibrary/java-xmlbuilder-0.4.jar
7f54292f8000-7f54292ff000 r--s 0007b000 00:30 8092                       /home/daniel/Distributed_Systems_Final_Project/ImageSearch_Hadoop/HadoopCustomLibrary/jasper.jar
7f54292ff000-7f5429302000 r--s 00019000 00:30 8091                       /home/daniel/Distributed_Systems_Final_Project/ImageSearch_Hadoop/HadoopCustomLibrary/jasper-el.jar
7f5429302000-7f5429303000 r--s 00006000 00:30 8090                       /home/daniel/Distributed_Systems_Final_Project/ImageSearch_Hadoop/HadoopCustomLibrary/jackson-xc-1.9.13.jar
7f5429303000-7f5429311000 r--s 000b1000 00:30 8089                       /home/daniel/Distributed_Systems_Final_Project/ImageSearch_Hadoop/HadoopCustomLibrary/jackson-mapper-asl-1.9.13.jar
7f5429311000-7f5429312000 r--s 00004000 00:30 8088                       /home/daniel/Distributed_Systems_Final_Project/ImageSearch_Hadoop/HadoopCustomLibrary/jackson-jaxrs-1.9.13.jar
7f5429312000-7f5429323000 r--s 000c3000 00:30 8087                       /home/daniel/Distributed_Systems_Final_Project/ImageSearch_Hadoop/HadoopCustomLibrary/jackson-databind-2.2.3.jar
7f5429323000-7f5429327000 r--s 00035000 00:30 8086                       /home/daniel/Distributed_Systems_Final_Project/ImageSearch_Hadoop/HadoopCustomLibrary/jackson-core-asl-1.9.13.jar
7f5429327000-7f542932b000 r--s 0002c000 00:30 8085                       /home/daniel/Distributed_Systems_Final_Project/ImageSearch_Hadoop/HadoopCustomLibrary/jackson-core-2.2.3.jar
7f542932b000-7f542932e000 r--s 00006000 00:30 8084                       /home/daniel/Distributed_Systems_Final_Project/ImageSearch_Hadoop/HadoopCustomLibrary/jackson-annotations-2.2.3.jar
7f542932e000-7f5429334000 r--s 00032000 00:30 8083                       /home/daniel/Distributed_Systems_Final_Project/ImageSearch_Hadoop/HadoopCustomLibrary/httpcore-4.2.5.jar
7f5429334000-7f542933d000 r--s 00061000 00:30 8082                       /home/daniel/Distributed_Systems_Final_Project/ImageSearch_Hadoop/HadoopCustomLibrary/httpclient-4.2.5.jar
7f542933d000-7f5429356000 r--s 00150000 00:30 8081                       /home/daniel/Distributed_Systems_Final_Project/ImageSearch_Hadoop/HadoopCustomLibrary/htrace-core-3.1.0-incubating.jar
7f5429356000-7f5429363000 r--s 00126000 00:30 8080                       /home/daniel/Distributed_Systems_Final_Project/ImageSearch_Hadoop/HadoopCustomLibrary/hsqldb-2.0.0.jar
7f5429363000-7f5429365000 r--s 00009000 00:30 8079                       /home/daniel/Distributed_Systems_Final_Project/ImageSearch_Hadoop/HadoopCustomLibrary/hamcrest-core-1.3.jar
7f5429365000-7f5429366000 r--s 00007000 00:30 8078                       /home/daniel/Distributed_Systems_Final_Project/ImageSearch_Hadoop/HadoopCustomLibrary/hadoop-yarn-server-web-proxy-2.7.0.jar
7f5429366000-7f5429368000 r--s 00002000 00:30 8077                       /home/daniel/Distributed_Systems_Final_Project/ImageSearch_Hadoop/HadoopCustomLibrary/hadoop-yarn-server-web-proxy-2.7.0-test-sources.jar
7f5429368000-7f542936a000 r--s 00004000 00:30 8076                       /home/daniel/Distributed_Systems_Final_Project/ImageSearch_Hadoop/HadoopCustomLibrary/hadoop-yarn-server-web-proxy-2.7.0-sources.jar
7f542936a000-7f542936c000 r--s 00008000 00:30 8075                       /home/daniel/Distributed_Systems_Final_Project/ImageSearch_Hadoop/HadoopCustomLibrary/hadoop-yarn-server-tests-2.7.0.jar
7f542936c000-7f542936d000 r--s 0000c000 00:30 8074                       /home/daniel/Distributed_Systems_Final_Project/ImageSearch_Hadoop/HadoopCustomLibrary/hadoop-yarn-server-tests-2.7.0-tests.jar
7f542936d000-7f542936e000 r--s 00006000 00:30 8073                       /home/daniel/Distributed_Systems_Final_Project/ImageSearch_Hadoop/HadoopCustomLibrary/hadoop-yarn-server-tests-2.7.0-test-sources.jar
7f542936e000-7f542936f000 r--s 00003000 00:30 8072                       /home/daniel/Distributed_Systems_Final_Project/ImageSearch_Hadoop/HadoopCustomLibrary/hadoop-yarn-server-tests-2.7.0-sources.jar
7f542936f000-7f5429371000 r--s 0000b000 00:30 8071                       /home/daniel/Distributed_Systems_Final_Project/ImageSearch_Hadoop/HadoopCustomLibrary/hadoop-yarn-server-sharedcachemanager-2.7.0.jar
7f5429371000-7f5429386000 r--s 00117000 00:30 8070                       /home/daniel/Distributed_Systems_Final_Project/ImageSearch_Hadoop/HadoopCustomLibrary/hadoop-yarn-server-resourcemanager-2.7.0.jar
7f5429386000-7f542938c000 r--s 0007a000 00:30 8069                       /home/daniel/Distributed_Systems_Final_Project/ImageSearch_Hadoop/HadoopCustomLibrary/hadoop-yarn-server-resourcemanager-2.7.0-test-sources.jar
7f542938c000-7f5429397000 r--s 000a2000 00:30 8068                       /home/daniel/Distributed_Systems_Final_Project/ImageSearch_Hadoop/HadoopCustomLibrary/hadoop-yarn-server-resourcemanager-2.7.0-sources.jar
7f5429397000-7f54293a5000 r--s 0009a000 00:30 8067                       /home/daniel/Distributed_Systems_Final_Project/ImageSearch_Hadoop/HadoopCustomLibrary/hadoop-yarn-server-nodemanager-2.7.0.jar
7f54293a5000-7f54293a8000 r--s 00034000 00:30 8066                       /home/daniel/Distributed_Systems_Final_Project/ImageSearch_Hadoop/HadoopCustomLibrary/hadoop-yarn-server-nodemanager-2.7.0-test-sources.jar
7f54293a8000-7f54293af000 r--s 0004f000 00:30 8065                       /home/daniel/Distributed_Systems_Final_Project/ImageSearch_Hadoop/HadoopCustomLibrary/hadoop-yarn-server-nodemanager-2.7.0-sources.jar
7f54293af000-7f54293b7000 r--s 00051000 00:30 8064                       /home/daniel/Distributed_Systems_Final_Project/ImageSearch_Hadoop/HadoopCustomLibrary/hadoop-yarn-server-common-2.7.0.jar
7f54293b7000-7f54293b9000 r--s 00003000 00:30 8063                       /home/daniel/Distributed_Systems_Final_Project/ImageSearch_Hadoop/HadoopCustomLibrary/hadoop-yarn-server-common-2.7.0-test-sources.jar
7f54293b9000-7f54293bc000 r--s 00023000 00:30 8062                       /home/daniel/Distributed_Systems_Final_Project/ImageSearch_Hadoop/HadoopCustomLibrary/hadoop-yarn-server-common-2.7.0-sources.jar
7f54293bc000-7f54293c1000 r--s 0002c000 00:30 8061                       /home/daniel/Distributed_Systems_Final_Project/ImageSearch_Hadoop/HadoopCustomLibrary/hadoop-yarn-server-applicationhistoryservice-2.7.0.jar
7f54293c1000-7f54293c3000 r--s 0000c000 00:30 8060                       /home/daniel/Distributed_Systems_Final_Project/ImageSearch_Hadoop/HadoopCustomLibrary/hadoop-yarn-server-applicationhistoryservice-2.7.0-test-sources.jar
7f54293c3000-7f54293c6000 r--s 0001c000 00:30 8059                       /home/daniel/Distributed_Systems_Final_Project/ImageSearch_Hadoop/HadoopCustomLibrary/hadoop-yarn-server-applicationhistoryservice-2.7.0-sources.jar
7f54293c6000-7f54293c9000 r--s 00015000 00:30 8058                       /home/daniel/Distributed_Systems_Final_Project/ImageSearch_Hadoop/HadoopCustomLibrary/hadoop-yarn-registry-2.7.0.jar
7f54293c9000-7f54293e1000 r--s 0017d000 00:30 8057                       /home/daniel/Distributed_Systems_Final_Project/ImageSearch_Hadoop/HadoopCustomLibrary/hadoop-yarn-common-2.7.0.jar
7f54293e1000-7f54293e5000 r--s 0001d000 00:30 8056                       /home/daniel/Distributed_Systems_Final_Project/ImageSearch_Hadoop/HadoopCustomLibrary/hadoop-yarn-common-2.7.0-test-sources.jar
7f54293e5000-7f54293f1000 r--s 000be000 00:30 8055                       /home/daniel/Distributed_Systems_Final_Project/ImageSearch_Hadoop/HadoopCustomLibrary/hadoop-yarn-common-2.7.0-sources.jar
7f54293f1000-7f54293f4000 r--s 00020000 00:30 8054                       /home/daniel/Distributed_Systems_Final_Project/ImageSearch_Hadoop/HadoopCustomLibrary/hadoop-yarn-client-2.7.0.jar
7f54293f4000-7f54293f6000 r--s 00013000 00:30 8053                       /home/daniel/Distributed_Systems_Final_Project/ImageSearch_Hadoop/HadoopCustomLibrary/hadoop-yarn-client-2.7.0-test-sources.jar
7f54293f6000-7f54293f8000 r--s 00014000 00:30 8052                       /home/daniel/Distributed_Systems_Final_Project/ImageSearch_Hadoop/HadoopCustomLibrary/hadoop-yarn-client-2.7.0-sources.jar
7f54293f8000-7f54293f9000 r--s 00003000 00:30 8051                       /home/daniel/Distributed_Systems_Final_Project/ImageSearch_Hadoop/HadoopCustomLibrary/hadoop-yarn-applications-unmanaged-am-launcher-2.7.0.jar
7f54293f9000-7f54293fa000 r--s 00001000 00:30 8050                       /home/daniel/Distributed_Systems_Final_Project/ImageSearch_Hadoop/HadoopCustomLibrary/hadoop-yarn-applications-unmanaged-am-launcher-2.7.0-test-sources.jar
7f54293fa000-7f54293fb000 r--s 00001000 00:30 8049                       /home/daniel/Distributed_Systems_Final_Project/ImageSearch_Hadoop/HadoopCustomLibrary/hadoop-yarn-applications-unmanaged-am-launcher-2.7.0-sources.jar
7f54293fb000-7f54293fd000 r--s 0000a000 00:30 8048                       /home/daniel/Distributed_Systems_Final_Project/ImageSearch_Hadoop/HadoopCustomLibrary/hadoop-yarn-applications-distributedshell-2.7.0.jar
7f54293fd000-7f54293fe000 r--s 00003000 00:30 8047                       /home/daniel/Distributed_Systems_Final_Project/ImageSearch_Hadoop/HadoopCustomLibrary/hadoop-yarn-applications-distributedshell-2.7.0-test-sources.jar
7f54293fe000-7f54293ff000 r--s 00005000 00:30 8046                       /home/daniel/Distributed_Systems_Final_Project/ImageSearch_Hadoop/HadoopCustomLibrary/hadoop-yarn-applications-distributedshell-2.7.0-sources.jar
7f54293ff000-7f542941c000 r--s 001ce000 00:30 8045                       /home/daniel/Distributed_Systems_Final_Project/ImageSearch_Hadoop/HadoopCustomLibrary/hadoop-yarn-api-2.7.0.jar
7f542941c000-7f5429423000 r--s 00092000 00:30 8044                       /home/daniel/Distributed_Systems_Final_Project/ImageSearch_Hadoop/HadoopCustomLibrary/hadoop-yarn-api-2.7.0-sources.jar
7f5429423000-7f5429425000 r--s 00018000 00:30 8043                       /home/daniel/Distributed_Systems_Final_Project/ImageSearch_Hadoop/HadoopCustomLibrary/hadoop-streaming-2.7.0.jar
7f5429425000-7f5429427000 r--s 00011000 00:30 8042                       /home/daniel/Distributed_Systems_Final_Project/ImageSearch_Hadoop/HadoopCustomLibrary/hadoop-streaming-2.7.0-test-sources.jar
7f5429427000-7f5429429000 r--s 00011000 00:30 8041                       /home/daniel/Distributed_Systems_Final_Project/ImageSearch_Hadoop/HadoopCustomLibrary/hadoop-streaming-2.7.0-sources.jar
7f5429429000-7f542942c000 r--s 0001a000 00:30 8040                       /home/daniel/Distributed_Systems_Final_Project/ImageSearch_Hadoop/HadoopCustomLibrary/hadoop-sls-2.7.0.jar
7f542942c000-7f542942e000 r--s 00003000 00:30 8039                       /home/daniel/Distributed_Systems_Final_Project/ImageSearch_Hadoop/HadoopCustomLibrary/hadoop-sls-2.7.0-test-sources.jar
7f542942e000-7f5429430000 r--s 0000a000 00:30 8038                       /home/daniel/Distributed_Systems_Final_Project/ImageSearch_Hadoop/HadoopCustomLibrary/hadoop-sls-2.7.0-sources.jar
7f5429430000-7f5429436000 r--s 0003f000 00:30 8037                       /home/daniel/Distributed_Systems_Final_Project/ImageSearch_Hadoop/HadoopCustomLibrary/hadoop-rumen-2.7.0.jar
7f5429436000-7f5429437000 r--s 00002000 00:30 8036                       /home/daniel/Distributed_Systems_Final_Project/ImageSearch_Hadoop/HadoopCustomLibrary/hadoop-rumen-2.7.0-test-sources.jar
7f5429437000-7f542943a000 r--s 00027000 00:30 8035                       /home/daniel/Distributed_Systems_Final_Project/ImageSearch_Hadoop/HadoopCustomLibrary/hadoop-rumen-2.7.0-sources.jar
7f542943a000-7f542943e000 r--s 00019000 00:30 8034                       /home/daniel/Distributed_Systems_Final_Project/ImageSearch_Hadoop/HadoopCustomLibrary/hadoop-openstack-2.7.0.jar
7f542943e000-7f5429442000 r--s 00023000 00:30 8033                       /home/daniel/Distributed_Systems_Final_Project/ImageSearch_Hadoop/HadoopCustomLibrary/hadoop-nfs-2.7.0.jar
7f5429442000-7f5429447000 r--s 0003e000 00:30 8032                       /home/daniel/Distributed_Systems_Final_Project/ImageSearch_Hadoop/HadoopCustomLibrary/hadoop-mapreduce-examples-2.7.0.jar
7f5429447000-7f5429449000 r--s 00002000 00:30 8031                       /home/daniel/Distributed_Systems_Final_Project/ImageSearch_Hadoop/HadoopCustomLibrary/hadoop-mapreduce-examples-2.7.0-test-sources.jar
7f5429449000-7f542944c000 r--s 000a8000 00:30 8030                       /home/daniel/Distributed_Systems_Final_Project/ImageSearch_Hadoop/HadoopCustomLibrary/hadoop-mapreduce-examples-2.7.0-sources.jar
7f542944c000-7f542944d000 r--s 0000a000 00:30 8029                       /home/daniel/Distributed_Systems_Final_Project/ImageSearch_Hadoop/HadoopCustomLibrary/hadoop-mapreduce-client-shuffle-2.7.0.jar
7f542944d000-7f542944e000 r--s 00002000 00:30 8028                       /home/daniel/Distributed_Systems_Final_Project/ImageSearch_Hadoop/HadoopCustomLibrary/hadoop-mapreduce-client-shuffle-2.7.0-test-sources.jar
7f542944e000-7f542944f000 r--s 00004000 00:30 8027                       /home/daniel/Distributed_Systems_Final_Project/ImageSearch_Hadoop/HadoopCustomLibrary/hadoop-mapreduce-client-shuffle-2.7.0-sources.jar
7f542944f000-7f5429451000 r--s 00008000 00:30 8026                       /home/daniel/Distributed_Systems_Final_Project/ImageSearch_Hadoop/HadoopCustomLibrary/hadoop-mapreduce-client-jobclient-2.7.0.jar
7f5429451000-7f5429467000 r--s 00160000 00:30 8025                       /home/daniel/Distributed_Systems_Final_Project/ImageSearch_Hadoop/HadoopCustomLibrary/hadoop-mapreduce-client-jobclient-2.7.0-tests.jar
7f5429467000-7f5429470000 r--s 000ab000 00:30 8024                       /home/daniel/Distributed_Systems_Final_Project/ImageSearch_Hadoop/HadoopCustomLibrary/hadoop-mapreduce-client-jobclient-2.7.0-test-sources.jar
7f5429470000-7f5429471000 r--s 00005000 00:30 8023                       /home/daniel/Distributed_Systems_Final_Project/ImageSearch_Hadoop/HadoopCustomLibrary/hadoop-mapreduce-client-jobclient-2.7.0-sources.jar
7f5429471000-7f5429473000 r--s 00000000 00:30 8022                       /home/daniel/Distributed_Systems_Final_Project/ImageSearch_Hadoop/HadoopCustomLibrary/hadoop-mapreduce-client-hs-plugins-2.7.0.jar
7f5429473000-7f5429474000 r--s 00000000 00:30 8021                       /home/daniel/Distributed_Systems_Final_Project/ImageSearch_Hadoop/HadoopCustomLibrary/hadoop-mapreduce-client-hs-plugins-2.7.0-test-sources.jar
7f5429474000-7f5429475000 r--s 00000000 00:30 8020                       /home/daniel/Distributed_Systems_Final_Project/ImageSearch_Hadoop/HadoopCustomLibrary/hadoop-mapreduce-client-hs-plugins-2.7.0-sources.jar
7f5429475000-7f5429478000 r--s 00025000 00:30 8019                       /home/daniel/Distributed_Systems_Final_Project/ImageSearch_Hadoop/HadoopCustomLibrary/hadoop-mapreduce-client-hs-2.7.0.jar
7f5429478000-7f542947a000 r--s 00017000 00:30 8018                       /home/daniel/Distributed_Systems_Final_Project/ImageSearch_Hadoop/HadoopCustomLibrary/hadoop-mapreduce-client-hs-2.7.0-test-sources.jar
7f542947a000-7f542947d000 r--s 00016000 00:30 8017                       /home/daniel/Distributed_Systems_Final_Project/ImageSearch_Hadoop/HadoopCustomLibrary/hadoop-mapreduce-client-hs-2.7.0-sources.jar
7f542947d000-7f5429496000 r--s 0015d000 00:30 8016                       /home/daniel/Distributed_Systems_Final_Project/ImageSearch_Hadoop/HadoopCustomLibrary/hadoop-mapreduce-client-core-2.7.0.jar
7f5429496000-7f5429499000 r--s 00057000 00:30 8015                       /home/daniel/Distributed_Systems_Final_Project/ImageSearch_Hadoop/HadoopCustomLibrary/hadoop-mapreduce-client-core-2.7.0-test-sources.jar
7f5429499000-7f54294a8000 r--s 000f4000 00:30 8014                       /home/daniel/Distributed_Systems_Final_Project/ImageSearch_Hadoop/HadoopCustomLibrary/hadoop-mapreduce-client-core-2.7.0-sources.jar
7f54294a8000-7f54294b5000 r--s 000ab000 00:30 8013                       /home/daniel/Distributed_Systems_Final_Project/ImageSearch_Hadoop/HadoopCustomLibrary/hadoop-mapreduce-client-common-2.7.0.jar
7f54294b5000-7f54294b6000 r--s 00006000 00:30 8012                       /home/daniel/Distributed_Systems_Final_Project/ImageSearch_Hadoop/HadoopCustomLibrary/hadoop-mapreduce-client-common-2.7.0-test-sources.jar
7f54294b6000-7f54294bb000 r--s 0003b000 00:30 8011                       /home/daniel/Distributed_Systems_Final_Project/ImageSearch_Hadoop/HadoopCustomLibrary/hadoop-mapreduce-client-common-2.7.0-sources.jar
7f54294bb000-7f54294c5000 r--s 00073000 00:30 8010                       /home/daniel/Distributed_Systems_Final_Project/ImageSearch_Hadoop/HadoopCustomLibrary/hadoop-mapreduce-client-app-2.7.0.jar
7f54294c5000-7f54294c8000 r--s 00028000 00:30 8009                       /home/daniel/Distributed_Systems_Final_Project/ImageSearch_Hadoop/HadoopCustomLibrary/hadoop-mapreduce-client-app-2.7.0-test-sources.jar
7f54294c8000-7f54294ce000 r--s 00042000 00:30 8008                       /home/daniel/Distributed_Systems_Final_Project/ImageSearch_Hadoop/HadoopCustomLibrary/hadoop-mapreduce-client-app-2.7.0-sources.jar
7f54294ce000-7f54294d0000 r--s 0000f000 00:30 8007                       /home/daniel/Distributed_Systems_Final_Project/ImageSearch_Hadoop/HadoopCustomLibrary/hadoop-kms-2.7.0.jar
7f54294d0000-7f54294d3000 r--s 00017000 00:30 8006                       /home/daniel/Distributed_Systems_Final_Project/ImageSearch_Hadoop/HadoopCustomLibrary/hadoop-hdfs-nfs-2.7.0.jar
7f54294d3000-7f542953c000 r--s 0076d000 00:30 8005                       /home/daniel/Distributed_Systems_Final_Project/ImageSearch_Hadoop/HadoopCustomLibrary/hadoop-hdfs-2.7.0.jar
7f542953c000-7f542955f000 r--s 002f0000 00:30 8004                       /home/daniel/Distributed_Systems_Final_Project/ImageSearch_Hadoop/HadoopCustomLibrary/hadoop-hdfs-2.7.0-tests.jar
7f542955f000-7f5429570000 r--s 0024d000 00:30 8003                       /home/daniel/Distributed_Systems_Final_Project/ImageSearch_Hadoop/HadoopCustomLibrary/hadoop-hdfs-2.7.0-test-sources.jar
7f5429570000-7f5429584000 r--s 002b3000 00:30 8002                       /home/daniel/Distributed_Systems_Final_Project/ImageSearch_Hadoop/HadoopCustomLibrary/hadoop-hdfs-2.7.0-sources.jar
7f5429584000-7f5429589000 r--s 00031000 00:30 8001                       /home/daniel/Distributed_Systems_Final_Project/ImageSearch_Hadoop/HadoopCustomLibrary/hadoop-gridmix-2.7.0.jar
7f5429589000-7f542958b000 r--s 00010000 00:30 8000                       /home/daniel/Distributed_Systems_Final_Project/ImageSearch_Hadoop/HadoopCustomLibrary/hadoop-gridmix-2.7.0-test-sources.jar
7f542958b000-7f542958d000 r--s 0001c000 00:30 7999                       /home/daniel/Distributed_Systems_Final_Project/ImageSearch_Hadoop/HadoopCustomLibrary/hadoop-gridmix-2.7.0-sources.jar
7f542958d000-7f542958e000 r--s 0000f000 00:30 7998                       /home/daniel/Distributed_Systems_Final_Project/ImageSearch_Hadoop/HadoopCustomLibrary/hadoop-extras-2.7.0.jar
7f542958e000-7f542958f000 r--s 00003000 00:30 7997                       /home/daniel/Distributed_Systems_Final_Project/ImageSearch_Hadoop/HadoopCustomLibrary/hadoop-extras-2.7.0-test-sources.jar
7f542958f000-7f5429590000 r--s 00007000 00:30 7996                       /home/daniel/Distributed_Systems_Final_Project/ImageSearch_Hadoop/HadoopCustomLibrary/hadoop-extras-2.7.0-sources.jar
7f5429590000-7f5429593000 r--s 00017000 00:30 7995                       /home/daniel/Distributed_Systems_Final_Project/ImageSearch_Hadoop/HadoopCustomLibrary/hadoop-distcp-2.7.0.jar
7f5429593000-7f5429595000 r--s 0000d000 00:30 7994                       /home/daniel/Distributed_Systems_Final_Project/ImageSearch_Hadoop/HadoopCustomLibrary/hadoop-distcp-2.7.0-test-sources.jar
7f5429595000-7f5429596000 r--s 00011000 00:30 7993                       /home/daniel/Distributed_Systems_Final_Project/ImageSearch_Hadoop/HadoopCustomLibrary/hadoop-distcp-2.7.0-sources.jar
7f5429596000-7f5429597000 r--s 00003000 00:30 7992                       /home/daniel/Distributed_Systems_Final_Project/ImageSearch_Hadoop/HadoopCustomLibrary/hadoop-datajoin-2.7.0.jar
7f5429597000-7f5429598000 r--s 00001000 00:30 7991                       /home/daniel/Distributed_Systems_Final_Project/ImageSearch_Hadoop/HadoopCustomLibrary/hadoop-datajoin-2.7.0-test-sources.jar
7f5429598000-7f542959a000 r--s 00002000 00:30 7990                       /home/daniel/Distributed_Systems_Final_Project/ImageSearch_Hadoop/HadoopCustomLibrary/hadoop-datajoin-2.7.0-sources.jar
7f542959a000-7f54295cf000 r--s 0030f000 00:30 7989                       /home/daniel/Distributed_Systems_Final_Project/ImageSearch_Hadoop/HadoopCustomLibrary/hadoop-common-2.7.0.jar
7f54295cf000-7f54295ec000 r--s 001a9000 00:30 7988                       /home/daniel/Distributed_Systems_Final_Project/ImageSearch_Hadoop/HadoopCustomLibrary/hadoop-common-2.7.0-tests.jar
7f54295ec000-7f54295fa000 r--s 000ee000 00:30 7987                       /home/daniel/Distributed_Systems_Final_Project/ImageSearch_Hadoop/HadoopCustomLibrary/hadoop-common-2.7.0-test-sources.jar
7f54295fa000-7f5429612000 r--s 001e2000 00:30 7986                       /home/daniel/Distributed_Systems_Final_Project/ImageSearch_Hadoop/HadoopCustomLibrary/hadoop-common-2.7.0-sources.jar
7f5429612000-7f5429615000 r--s 0001e000 00:30 7985                       /home/daniel/Distributed_Systems_Final_Project/ImageSearch_Hadoop/HadoopCustomLibrary/hadoop-azure-2.7.0.jar
7f5429615000-7f5429618000 r--s 00017000 00:30 7984                       /home/daniel/Distributed_Systems_Final_Project/ImageSearch_Hadoop/HadoopCustomLibrary/hadoop-aws-2.7.0.jar
7f5429618000-7f542961b000 r--s 0000f000 00:30 7983                       /home/daniel/Distributed_Systems_Final_Project/ImageSearch_Hadoop/HadoopCustomLibrary/hadoop-auth-2.7.0.jar
7f542961b000-7f542961c000 r--s 00005000 00:30 7982                       /home/daniel/Distributed_Systems_Final_Project/ImageSearch_Hadoop/HadoopCustomLibrary/hadoop-archives-2.7.0.jar
7f542961c000-7f542961d000 r--s 00001000 00:30 7981                       /home/daniel/Distributed_Systems_Final_Project/ImageSearch_Hadoop/HadoopCustomLibrary/hadoop-archives-2.7.0-test-sources.jar
7f542961d000-7f542961e000 r--s 00002000 00:30 7980                       /home/daniel/Distributed_Systems_Final_Project/ImageSearch_Hadoop/HadoopCustomLibrary/hadoop-archives-2.7.0-sources.jar
7f542961e000-7f542961f000 r--s 00002000 00:30 7979                       /home/daniel/Distributed_Systems_Final_Project/ImageSearch_Hadoop/HadoopCustomLibrary/hadoop-ant-2.7.0.jar
7f542961f000-7f5429621000 r--s 00003000 00:30 7978                       /home/daniel/Distributed_Systems_Final_Project/ImageSearch_Hadoop/HadoopCustomLibrary/hadoop-annotations-2.7.0.jar
7f5429621000-7f5429623000 r--s 0000e000 00:30 7977                       /home/daniel/Distributed_Systems_Final_Project/ImageSearch_Hadoop/HadoopCustomLibrary/guice-servlet-3.0.jar
7f5429623000-7f5429632000 r--s 0009f000 00:30 7976                       /home/daniel/Distributed_Systems_Final_Project/ImageSearch_Hadoop/HadoopCustomLibrary/guice-3.0.jar
7f5429632000-7f5429653000 r--s 00172000 00:30 7975                       /home/daniel/Distributed_Systems_Final_Project/ImageSearch_Hadoop/HadoopCustomLibrary/guava-11.0.2.jar
7f5429653000-7f5429658000 r--s 0002a000 00:30 7974                       /home/daniel/Distributed_Systems_Final_Project/ImageSearch_Hadoop/HadoopCustomLibrary/gson-2.2.4.jar
7f5429658000-7f542965a000 r--s 00007000 00:30 7973                       /home/daniel/Distributed_Systems_Final_Project/ImageSearch_Hadoop/HadoopCustomLibrary/el-api.jar
7f542965a000-7f5429669000 r--s 001b0000 00:30 7972                       /home/daniel/Distributed_Systems_Final_Project/ImageSearch_Hadoop/HadoopCustomLibrary/ecj-4.3.1.jar
7f5429669000-7f5429671000 r--s 0003b000 00:30 7971                       /home/daniel/Distributed_Systems_Final_Project/ImageSearch_Hadoop/HadoopCustomLibrary/curator-recipes-2.7.1.jar
7f5429671000-7f5429677000 r--s 00028000 00:30 7970                       /home/daniel/Distributed_Systems_Final_Project/ImageSearch_Hadoop/HadoopCustomLibrary/curator-framework-2.7.1.jar
7f5429677000-7f5429679000 r--s 0000f000 00:30 7969                       /home/daniel/Distributed_Systems_Final_Project/ImageSearch_Hadoop/HadoopCustomLibrary/curator-client-2.7.1.jar
7f5429679000-7f542967e000 r--s 0003e000 00:30 7968                       /home/daniel/Distributed_Systems_Final_Project/ImageSearch_Hadoop/HadoopCustomLibrary/commons-net-3.1.jar
7f542967e000-7f542969b000 r--s 0016a000 00:30 7967                       /home/daniel/Distributed_Systems_Final_Project/ImageSearch_Hadoop/HadoopCustomLibrary/commons-math3-3.1.1.jar
7f542969b000-7f542969d000 r--s 0000e000 00:30 7966                       /home/daniel/Distributed_Systems_Final_Project/ImageSearch_Hadoop/HadoopCustomLibrary/commons-logging-1.1.3.jar
7f542969d000-7f54296a4000 r--s 0005e000 00:30 7965                       /home/daniel/Distributed_Systems_Final_Project/ImageSearch_Hadoop/HadoopCustomLibrary/commons-lang3-3.3.2.jar
7f54296a4000-7f54296a9000 r--s 00041000 00:30 7964                       /home/daniel/Distributed_Systems_Final_Project/ImageSearch_Hadoop/HadoopCustomLibrary/commons-lang-2.6.jar
7f54296a9000-7f54296ad000 r--s 0002a000 00:30 7963                       /home/daniel/Distributed_Systems_Final_Project/ImageSearch_Hadoop/HadoopCustomLibrary/commons-io-2.4.jar
7f54296ad000-7f54296b3000 r--s 00045000 00:30 7962                       /home/daniel/Distributed_Systems_Final_Project/ImageSearch_Hadoop/HadoopCustomLibrary/commons-httpclient-3.1.jar
7f54296b3000-7f54296b7000 r--s 00020000 00:30 7961                       /home/daniel/Distributed_Systems_Final_Project/ImageSearch_Hadoop/HadoopCustomLibrary/commons-digester-1.8.jar
7f54296b7000-7f54296b8000 r--s 00005000 00:30 7959                       /home/daniel/Distributed_Systems_Final_Project/ImageSearch_Hadoop/HadoopCustomLibrary/commons-daemon-1.0.13.jar
7f54296b8000-7f54296be000 r--s 00043000 00:30 7958                       /home/daniel/Distributed_Systems_Final_Project/ImageSearch_Hadoop/HadoopCustomLibrary/commons-configuration-1.6.jar
7f54296be000-7f54296c3000 r--s 00036000 00:30 7957                       /home/daniel/Distributed_Systems_Final_Project/ImageSearch_Hadoop/HadoopCustomLibrary/commons-compress-1.4.1.jar
7f54296c3000-7f54296d1000 r--s 0007f000 00:30 7956                       /home/daniel/Distributed_Systems_Final_Project/ImageSearch_Hadoop/HadoopCustomLibrary/commons-collections-3.2.1.jar
7f54296d1000-7f54296d3000 r--s 0000d000 00:30 7955                       /home/daniel/Distributed_Systems_Final_Project/ImageSearch_Hadoop/HadoopCustomLibrary/commons-codec-1.4.jar
7f54296d3000-7f54296d5000 r--s 00009000 00:30 7954                       /home/daniel/Distributed_Systems_Final_Project/ImageSearch_Hadoop/HadoopCustomLibrary/commons-cli-1.2.jar
7f54296d5000-7f54296d9000 r--s 0002f000 00:30 7953                       /home/daniel/Distributed_Systems_Final_Project/ImageSearch_Hadoop/HadoopCustomLibrary/commons-beanutils-core-1.8.0.jar
7f54296d9000-7f54296de000 r--s 0002a000 00:30 7952                       /home/daniel/Distributed_Systems_Final_Project/ImageSearch_Hadoop/HadoopCustomLibrary/commons-beanutils-1.7.0.jar
7f54296de000-7f54296ee000 r--s 00121000 00:30 7951                       /home/daniel/Distributed_Systems_Final_Project/ImageSearch_Hadoop/HadoopCustomLibrary/catalina.jar
7f54296ee000-7f54296f3000 r--s 00036000 00:30 7950                       /home/daniel/Distributed_Systems_Final_Project/ImageSearch_Hadoop/HadoopCustomLibrary/catalina-tribes.jar
7f54296f3000-7f54296f6000 r--s 0001e000 00:30 7949                       /home/daniel/Distributed_Systems_Final_Project/ImageSearch_Hadoop/HadoopCustomLibrary/catalina-ha.jar
7f54296f6000-7f54296f8000 r--s 0000c000 00:30 7948                       /home/daniel/Distributed_Systems_Final_Project/ImageSearch_Hadoop/HadoopCustomLibrary/catalina-ant.jar
7f54296f8000-7f54296f9000 r--s 00005000 00:30 7947                       /home/daniel/Distributed_Systems_Final_Project/ImageSearch_Hadoop/HadoopCustomLibrary/bootstrap.jar
7f54296f9000-7f54296fa000 r--s 00007000 00:30 8134                       /home/daniel/Distributed_Systems_Final_Project/ImageSearch_Hadoop/HadoopCustomLibrary/tomcat-juli.jar
7f54296fa000-7f54296fb000 r--s 00005000 00:30 7960                       /home/daniel/Distributed_Systems_Final_Project/ImageSearch_Hadoop/HadoopCustomLibrary/commons-daemon.jar
7f54296fb000-7f5429704000 r--s 00099000 00:30 7946                       /home/daniel/Distributed_Systems_Final_Project/ImageSearch_Hadoop/HadoopCustomLibrary/azure-storage-2.0.0.jar
7f5429704000-7f5429727000 rw-p 00000000 00:00 0 
7f5429727000-7f5429830000 r--s 00a5d000 00:30 7945                       /home/daniel/Distributed_Systems_Final_Project/ImageSearch_Hadoop/HadoopCustomLibrary/aws-java-sdk-1.7.4.jar
7f5429830000-7f5429837000 r--s 00044000 00:30 7944                       /home/daniel/Distributed_Systems_Final_Project/ImageSearch_Hadoop/HadoopCustomLibrary/avro-1.7.4.jar
7f5429837000-7f5429849000 r--s 00097000 00:30 7939                       /home/daniel/Distributed_Systems_Final_Project/ImageSearch_Hadoop/HadoopCustomLibrary/apacheds-kerberos-codec-2.0.0-M15.jar
7f5429849000-7f542984a000 ---p 00000000 00:00 0 
7f542984a000-7f542994a000 rw-p 00000000 00:00 0                          [stack:14708]
7f542994a000-7f542994d000 ---p 00000000 00:00 0 
7f542994d000-7f5429a4b000 rw-p 00000000 00:00 0                          [stack:14707]
7f5429a4b000-7f5429a4e000 ---p 00000000 00:00 0 
7f5429a4e000-7f5429b4c000 rw-p 00000000 00:00 0                          [stack:14705]
7f5429b4c000-7f5429b4f000 ---p 00000000 00:00 0 
7f5429b4f000-7f5429c4d000 rw-p 00000000 00:00 0                          [stack:14704]
7f5429c4d000-7f5429c50000 ---p 00000000 00:00 0 
7f5429c50000-7f5429d4e000 rw-p 00000000 00:00 0                          [stack:14703]
7f5429d4e000-7f5429d8d000 r--p 00000000 00:20 14065                      /usr/lib/locale/en_US.utf8/LC_CTYPE
7f5429d8d000-7f5429ebd000 r--p 00000000 00:20 14064                      /usr/lib/locale/en_US.utf8/LC_COLLATE
7f5429ebd000-7f5429ec0000 ---p 00000000 00:00 0 
7f5429ec0000-7f5429fbe000 rw-p 00000000 00:00 0                          [stack:14702]
7f5429fbe000-7f5429fc1000 ---p 00000000 00:00 0 
7f5429fc1000-7f542a0bf000 rw-p 00000000 00:00 0                          [stack:14701]
7f542a0bf000-7f542a0c0000 ---p 00000000 00:00 0 
7f542a0c0000-7f542a20d000 rw-p 00000000 00:00 0                          [stack:14700]
7f542a20d000-7f542a3da000 r--s 03bc9000 00:20 26059                      /usr/lib64/jvm/java-1.8.0-openjdk-1.8.0/jre/lib/rt.jar
7f542a3da000-7f542acab000 rw-p 00000000 00:00 0 
7f542acab000-7f542acae000 rw-p 00000000 00:00 0 
7f542acae000-7f542acfe000 ---p 00000000 00:00 0 
7f542acfe000-7f542ad36000 rw-p 00000000 00:00 0 
7f542ad36000-7f542ada4000 ---p 00000000 00:00 0 
7f542ada4000-7f542adbc000 rw-p 00000000 00:00 0 
7f542adbc000-7f542b165000 ---p 00000000 00:00 0 
7f542b165000-7f542b16d000 r-xp 00000000 00:20 26000                      /usr/lib64/jvm/java-1.8.0-openjdk-1.8.0/jre/lib/amd64/libzip.so
7f542b16d000-7f542b36c000 ---p 00008000 00:20 26000                      /usr/lib64/jvm/java-1.8.0-openjdk-1.8.0/jre/lib/amd64/libzip.so
7f542b36c000-7f542b36d000 r--p 00007000 00:20 26000                      /usr/lib64/jvm/java-1.8.0-openjdk-1.8.0/jre/lib/amd64/libzip.so
7f542b36d000-7f542b36e000 rw-p 00008000 00:20 26000                      /usr/lib64/jvm/java-1.8.0-openjdk-1.8.0/jre/lib/amd64/libzip.so
7f542b36e000-7f542b39a000 r-xp 00000000 00:20 25979                      /usr/lib64/jvm/java-1.8.0-openjdk-1.8.0/jre/lib/amd64/libjava.so
7f542b39a000-7f542b599000 ---p 0002c000 00:20 25979                      /usr/lib64/jvm/java-1.8.0-openjdk-1.8.0/jre/lib/amd64/libjava.so
7f542b599000-7f542b59a000 r--p 0002b000 00:20 25979                      /usr/lib64/jvm/java-1.8.0-openjdk-1.8.0/jre/lib/amd64/libjava.so
7f542b59a000-7f542b59c000 rw-p 0002c000 00:20 25979                      /usr/lib64/jvm/java-1.8.0-openjdk-1.8.0/jre/lib/amd64/libjava.so
7f542b59c000-7f542b5a9000 r-xp 00000000 00:20 25999                      /usr/lib64/jvm/java-1.8.0-openjdk-1.8.0/jre/lib/amd64/libverify.so
7f542b5a9000-7f542b7a8000 ---p 0000d000 00:20 25999                      /usr/lib64/jvm/java-1.8.0-openjdk-1.8.0/jre/lib/amd64/libverify.so
7f542b7a8000-7f542b7aa000 r--p 0000c000 00:20 25999                      /usr/lib64/jvm/java-1.8.0-openjdk-1.8.0/jre/lib/amd64/libverify.so
7f542b7aa000-7f542b7ab000 rw-p 0000e000 00:20 25999                      /usr/lib64/jvm/java-1.8.0-openjdk-1.8.0/jre/lib/amd64/libverify.so
7f542b7ab000-7f542b7b2000 r-xp 00000000 00:20 7738                       /lib64/librt-2.19.so
7f542b7b2000-7f542b9b1000 ---p 00007000 00:20 7738                       /lib64/librt-2.19.so
7f542b9b1000-7f542b9b2000 r--p 00006000 00:20 7738                       /lib64/librt-2.19.so
7f542b9b2000-7f542b9b3000 rw-p 00007000 00:20 7738                       /lib64/librt-2.19.so
7f542b9b3000-7f542b9c9000 r-xp 00000000 00:20 7675                       /lib64/libgcc_s.so.1
7f542b9c9000-7f542bbc8000 ---p 00016000 00:20 7675                       /lib64/libgcc_s.so.1
7f542bbc8000-7f542bbc9000 r--p 00015000 00:20 7675                       /lib64/libgcc_s.so.1
7f542bbc9000-7f542bbca000 rw-p 00016000 00:20 7675                       /lib64/libgcc_s.so.1
7f542bbca000-7f542bcca000 r-xp 00000000 00:20 7686                       /lib64/libm-2.19.so
7f542bcca000-7f542bec9000 ---p 00100000 00:20 7686                       /lib64/libm-2.19.so
7f542bec9000-7f542beca000 r--p 000ff000 00:20 7686                       /lib64/libm-2.19.so
7f542beca000-7f542becb000 rw-p 00100000 00:20 7686                       /lib64/libm-2.19.so
7f542becb000-7f542bfb5000 r-xp 00000000 00:20 33247                      /usr/lib64/libstdc++.so.6.0.19
7f542bfb5000-7f542c1b4000 ---p 000ea000 00:20 33247                      /usr/lib64/libstdc++.so.6.0.19
7f542c1b4000-7f542c1bc000 r--p 000e9000 00:20 33247                      /usr/lib64/libstdc++.so.6.0.19
7f542c1bc000-7f542c1be000 rw-p 000f1000 00:20 33247                      /usr/lib64/libstdc++.so.6.0.19
7f542c1be000-7f542c1d3000 rw-p 00000000 00:00 0 
7f542c1d3000-7f542cd85000 r-xp 00000000 00:20 26004                      /usr/lib64/jvm/java-1.8.0-openjdk-1.8.0/jre/lib/amd64/server/libjvm.so
7f542cd85000-7f542cf84000 ---p 00bb2000 00:20 26004                      /usr/lib64/jvm/java-1.8.0-openjdk-1.8.0/jre/lib/amd64/server/libjvm.so
7f542cf84000-7f542d022000 r--p 00bb1000 00:20 26004                      /usr/lib64/jvm/java-1.8.0-openjdk-1.8.0/jre/lib/amd64/server/libjvm.so
7f542d022000-7f542d04b000 rw-p 00c4f000 00:20 26004                      /usr/lib64/jvm/java-1.8.0-openjdk-1.8.0/jre/lib/amd64/server/libjvm.so
7f542d04b000-7f542d07b000 rw-p 00000000 00:00 0 
7f542d07b000-7f542d093000 r-xp 00000000 00:20 7732                       /lib64/libpthread-2.19.so
7f542d093000-7f542d292000 ---p 00018000 00:20 7732                       /lib64/libpthread-2.19.so
7f542d292000-7f542d293000 r--p 00017000 00:20 7732                       /lib64/libpthread-2.19.so
7f542d293000-7f542d294000 rw-p 00018000 00:20 7732                       /lib64/libpthread-2.19.so
7f542d294000-7f542d298000 rw-p 00000000 00:00 0 
7f542d298000-7f542d29b000 r-xp 00000000 00:20 7660                       /lib64/libdl-2.19.so
7f542d29b000-7f542d49a000 ---p 00003000 00:20 7660                       /lib64/libdl-2.19.so
7f542d49a000-7f542d49b000 r--p 00002000 00:20 7660                       /lib64/libdl-2.19.so
7f542d49b000-7f542d49c000 rw-p 00003000 00:20 7660                       /lib64/libdl-2.19.so
7f542d49c000-7f542d4b1000 r-xp 00000000 00:20 7761                       /lib64/libz.so.1.2.8
7f542d4b1000-7f542d6b0000 ---p 00015000 00:20 7761                       /lib64/libz.so.1.2.8
7f542d6b0000-7f542d6b1000 r--p 00014000 00:20 7761                       /lib64/libz.so.1.2.8
7f542d6b1000-7f542d6b2000 rw-p 00015000 00:20 7761                       /lib64/libz.so.1.2.8
7f542d6b2000-7f542d850000 r-xp 00000000 00:20 7633                       /lib64/libc-2.19.so
7f542d850000-7f542da50000 ---p 0019e000 00:20 7633                       /lib64/libc-2.19.so
7f542da50000-7f542da54000 r--p 0019e000 00:20 7633                       /lib64/libc-2.19.so
7f542da54000-7f542da56000 rw-p 001a2000 00:20 7633                       /lib64/libc-2.19.so
7f542da56000-7f542da5a000 rw-p 00000000 00:00 0 
7f542da5a000-7f542da67000 r-xp 00000000 00:20 25964                      /usr/lib64/jvm/java-1.8.0-openjdk-1.8.0/jre/lib/amd64/jli/libjli.so
7f542da67000-7f542dc66000 ---p 0000d000 00:20 25964                      /usr/lib64/jvm/java-1.8.0-openjdk-1.8.0/jre/lib/amd64/jli/libjli.so
7f542dc66000-7f542dc67000 r--p 0000c000 00:20 25964                      /usr/lib64/jvm/java-1.8.0-openjdk-1.8.0/jre/lib/amd64/jli/libjli.so
7f542dc67000-7f542dc68000 rw-p 0000d000 00:20 25964                      /usr/lib64/jvm/java-1.8.0-openjdk-1.8.0/jre/lib/amd64/jli/libjli.so
7f542dc68000-7f542dc88000 r-xp 00000000 00:20 7618                       /lib64/ld-2.19.so
7f542dc88000-7f542dc89000 r--s 0000a000 00:30 7943                       /home/daniel/Distributed_Systems_Final_Project/ImageSearch_Hadoop/HadoopCustomLibrary/asm-3.2.jar
7f542dc89000-7f542dc8b000 r--s 00012000 00:30 7942                       /home/daniel/Distributed_Systems_Final_Project/ImageSearch_Hadoop/HadoopCustomLibrary/api-util-1.0.0-M20.jar
7f542dc8b000-7f542dc8c000 r--s 0000a000 00:30 7941                       /home/daniel/Distributed_Systems_Final_Project/ImageSearch_Hadoop/HadoopCustomLibrary/api-i18n-1.0.0-M20.jar
7f542dc8c000-7f542dc8e000 r--s 00003000 00:30 7940                       /home/daniel/Distributed_Systems_Final_Project/ImageSearch_Hadoop/HadoopCustomLibrary/api-asn1-api-1.0.0-M20.jar
7f542dc8e000-7f542dc8f000 r--s 0000a000 00:30 7938                       /home/daniel/Distributed_Systems_Final_Project/ImageSearch_Hadoop/HadoopCustomLibrary/apacheds-i18n-2.0.0-M15.jar
7f542dc8f000-7f542dc91000 r--s 00000000 00:30 7937                       /home/daniel/Distributed_Systems_Final_Project/ImageSearch_Hadoop/HadoopCustomLibrary/aopalliance-1.0.jar
7f542dc91000-7f542dc92000 r--s 00003000 00:30 7936                       /home/daniel/Distributed_Systems_Final_Project/ImageSearch_Hadoop/HadoopCustomLibrary/annotations-api.jar
7f542dc92000-7f542dc94000 r--s 0000e000 00:30 7935                       /home/daniel/Distributed_Systems_Final_Project/ImageSearch_Hadoop/HadoopCustomLibrary/activation-1.1.jar
7f542dc94000-7f542dc97000 r--s 0000f000 00:20 26022                      /usr/lib64/jvm/java-1.8.0-openjdk-1.8.0/jre/lib/ext/icedtea-sound.jar
7f542dc97000-7f542dc98000 r--p 00000000 00:20 14072                      /usr/lib/locale/en_US.utf8/LC_NUMERIC
7f542dc98000-7f542dcf8000 rw-p 00000000 00:00 0 
7f542dcf8000-7f542dd67000 ---p 00000000 00:00 0 
7f542dd67000-7f542dd6a000 ---p 00000000 00:00 0 
7f542dd6a000-7f542de6d000 rw-p 00000000 00:00 0                          [stack:14695]
7f542de6d000-7f542de6e000 r--p 00000000 00:20 14075                      /usr/lib/locale/en_US.utf8/LC_TIME
7f542de6e000-7f542de6f000 r--p 00000000 00:20 14070                      /usr/lib/locale/en_US.utf8/LC_MONETARY
7f542de6f000-7f542de70000 r--p 00000000 00:20 14069                      /usr/lib/locale/en_US.utf8/LC_MESSAGES/SYS_LC_MESSAGES
7f542de70000-7f542de71000 r--p 00000000 00:20 14073                      /usr/lib/locale/en_US.utf8/LC_PAPER
7f542de71000-7f542de72000 r--p 00000000 00:20 14071                      /usr/lib/locale/en_US.utf8/LC_NAME
7f542de72000-7f542de73000 r--p 00000000 00:20 14063                      /usr/lib/locale/en_US.utf8/LC_ADDRESS
7f542de73000-7f542de74000 r--p 00000000 00:20 14074                      /usr/lib/locale/en_US.utf8/LC_TELEPHONE
7f542de74000-7f542de75000 r--p 00000000 00:20 14067                      /usr/lib/locale/en_US.utf8/LC_MEASUREMENT
7f542de75000-7f542de7c000 r--s 00000000 00:20 25573                      /usr/lib64/gconv/gconv-modules.cache
7f542de7c000-7f542de7d000 r--p 00000000 00:20 14066                      /usr/lib/locale/en_US.utf8/LC_IDENTIFICATION
7f542de7d000-7f542de85000 rw-s 00000000 00:2d 997                        /tmp/hsperfdata_daniel/14694
7f542de85000-7f542de86000 rw-p 00000000 00:00 0 
7f542de86000-7f542de87000 ---p 00000000 00:00 0 
7f542de87000-7f542de88000 rw-p 00000000 00:00 0 
7f542de88000-7f542de89000 r--p 00020000 00:20 7618                       /lib64/ld-2.19.so
7f542de89000-7f542de8a000 rw-p 00021000 00:20 7618                       /lib64/ld-2.19.so
7f542de8a000-7f542de8b000 rw-p 00000000 00:00 0 
7fff406b1000-7fff406d8000 rw-p 00000000 00:00 0                          [stack]
7fff407fc000-7fff407fe000 r-xp 00000000 00:00 0                          [vdso]
7fff407fe000-7fff40800000 r--p 00000000 00:00 0                          [vvar]
ffffffffff600000-ffffffffff601000 r-xp 00000000 00:00 0                  [vsyscall]

VM Arguments:
jvm_args: -Dfile.encoding=UTF-8 
java_command: featureExtract.FeatureExtract
java_class_path (initial): /home/daniel/Distributed_Systems_Final_Project/ImageSearch_Hadoop/bin:/home/daniel/Distributed_Systems_Final_Project/ImageSearch_Hadoop/HadoopCustomLibrary/activation-1.1.jar:/home/daniel/Distributed_Systems_Final_Project/ImageSearch_Hadoop/HadoopCustomLibrary/annotations-api.jar:/home/daniel/Distributed_Systems_Final_Project/ImageSearch_Hadoop/HadoopCustomLibrary/aopalliance-1.0.jar:/home/daniel/Distributed_Systems_Final_Project/ImageSearch_Hadoop/HadoopCustomLibrary/apacheds-i18n-2.0.0-M15.jar:/home/daniel/Distributed_Systems_Final_Project/ImageSearch_Hadoop/HadoopCustomLibrary/apacheds-kerberos-codec-2.0.0-M15.jar:/home/daniel/Distributed_Systems_Final_Project/ImageSearch_Hadoop/HadoopCustomLibrary/api-asn1-api-1.0.0-M20.jar:/home/daniel/Distributed_Systems_Final_Project/ImageSearch_Hadoop/HadoopCustomLibrary/api-i18n-1.0.0-M20.jar:/home/daniel/Distributed_Systems_Final_Project/ImageSearch_Hadoop/HadoopCustomLibrary/api-util-1.0.0-M20.jar:/home/daniel/Distributed_Systems_Final_Project/ImageSearch_Hadoop/HadoopCustomLibrary/asm-3.2.jar:/home/daniel/Distributed_Systems_Final_Project/ImageSearch_Hadoop/HadoopCustomLibrary/avro-1.7.4.jar:/home/daniel/Distributed_Systems_Final_Project/ImageSearch_Hadoop/HadoopCustomLibrary/aws-java-sdk-1.7.4.jar:/home/daniel/Distributed_Systems_Final_Project/ImageSearch_Hadoop/HadoopCustomLibrary/azure-storage-2.0.0.jar:/home/daniel/Distributed_Systems_Final_Project/ImageSearch_Hadoop/HadoopCustomLibrary/commons-daemon.jar:/home/daniel/Distributed_Systems_Final_Project/ImageSearch_Hadoop/HadoopCustomLibrary/tomcat-juli.jar:/home/daniel/Distributed_Systems_Final_Project/ImageSearch_Hadoop/HadoopCustomLibrary/bootstrap.jar:/home/daniel/Distributed_Systems_Final_Project/ImageSearch_Hadoop/HadoopCustomLibrary/catalina-ant.jar:/home/daniel/Distributed_Systems_Final_Project/ImageSearch_Hadoop/HadoopCustomLibrary/catalina-ha.jar:/home/daniel/Distributed_Systems_Final_Project/ImageSearch_Hadoop/HadoopCustomLibrary
Launcher Type: SUN_STANDARD

Environment Variables:
JAVA_HOME=/usr/lib64/jvm/jre
JRE_HOME=/usr/lib64/jvm/jre
PATH=/home/daniel/bin:/usr/local/bin:/usr/bin:/bin:/usr/bin/X11:/usr/games:/usr/lib/mit/bin
SHELL=/bin/bash
DISPLAY=:0
HOSTTYPE=x86_64
OSTYPE=linux
MACHTYPE=x86_64-suse-linux

Signal Handlers:
SIGSEGV: [libjvm.so+0x9be5d0], sa_mask[0]=11111111011111111101111111111110, sa_flags=SA_RESTART|SA_SIGINFO
SIGBUS: [libjvm.so+0x9be5d0], sa_mask[0]=11111111011111111101111111111110, sa_flags=SA_RESTART|SA_SIGINFO
SIGFPE: [libjvm.so+0x82b320], sa_mask[0]=11111111011111111101111111111110, sa_flags=SA_RESTART|SA_SIGINFO
SIGPIPE: [libjvm.so+0x82b320], sa_mask[0]=11111111011111111101111111111110, sa_flags=SA_RESTART|SA_SIGINFO
SIGXFSZ: [libjvm.so+0x82b320], sa_mask[0]=11111111011111111101111111111110, sa_flags=SA_RESTART|SA_SIGINFO
SIGILL: [libjvm.so+0x82b320], sa_mask[0]=11111111011111111101111111111110, sa_flags=SA_RESTART|SA_SIGINFO
SIGUSR1: SIG_DFL, sa_mask[0]=00000000000000000000000000000000, sa_flags=none
SIGUSR2: [libjvm.so+0x82b1f0], sa_mask[0]=00100000000000000000000000000000, sa_flags=SA_RESTART|SA_SIGINFO
SIGHUP: [libjvm.so+0x82b3e0], sa_mask[0]=11111111011111111101111111111110, sa_flags=SA_RESTART|SA_SIGINFO
SIGINT: [libjvm.so+0x82b3e0], sa_mask[0]=11111111011111111101111111111110, sa_flags=SA_RESTART|SA_SIGINFO
SIGTERM: [libjvm.so+0x82b3e0], sa_mask[0]=11111111011111111101111111111110, sa_flags=SA_RESTART|SA_SIGINFO
SIGQUIT: [libjvm.so+0x82b3e0], sa_mask[0]=11111111011111111101111111111110, sa_flags=SA_RESTART|SA_SIGINFO


---------------  S Y S T E M  ---------------

OS:openSUSE 13.2 (x86_64)
VERSION = 13.2
CODENAME = Harlequin
# /etc/SuSE-release is deprecated and will be removed in the future, use /etc/os-release instead

uname:Linux 3.16.6-2-desktop #1 SMP PREEMPT Mon Oct 20 13:47:22 UTC 2014 (feb42ea) x86_64
libc:glibc 2.19 NPTL 2.19 
rlimit: STACK 8192k, CORE 0k, NPROC 3932, NOFILE 4096, AS infinity
load average:1.98 0.99 0.72

/proc/meminfo:
MemTotal:        1019664 kB
MemFree:           61316 kB
MemAvailable:      37416 kB
Buffers:               8 kB
Cached:            42188 kB
SwapCached:         1004 kB
Active:           400524 kB
Inactive:         403444 kB
Active(anon):     381744 kB
Inactive(anon):   382452 kB
Active(file):      18780 kB
Inactive(file):    20992 kB
Unevictable:           0 kB
Mlocked:               0 kB
SwapTotal:       1018876 kB
SwapFree:              0 kB
Dirty:               384 kB
Writeback:            80 kB
AnonPages:        761312 kB
Mapped:            13440 kB
Shmem:              2408 kB
Slab:              49980 kB
SReclaimable:      25044 kB
SUnreclaim:        24936 kB
KernelStack:        6112 kB
PageTables:        31156 kB
NFS_Unstable:          0 kB
Bounce:                0 kB
WritebackTmp:          0 kB
CommitLimit:     1528708 kB
Committed_AS:    2962464 kB
VmallocTotal:   34359738367 kB
VmallocUsed:       22208 kB
VmallocChunk:   34359712956 kB
HardwareCorrupted:     0 kB
AnonHugePages:     86016 kB
HugePages_Total:       0
HugePages_Free:        0
HugePages_Rsvd:        0
HugePages_Surp:        0
Hugepagesize:       2048 kB
DirectMap4k:       63424 kB
DirectMap2M:      985088 kB


CPU:total 1 (1 cores per cpu, 1 threads per core) family 6 model 45 stepping 7, cmov, cx8, fxsr, mmx, sse, sse2, sse3, ssse3, tsc

/proc/cpuinfo:
processor	: 0
vendor_id	: GenuineIntel
cpu family	: 6
model		: 45
model name	: Intel(R) Core(TM) i7-3820 CPU @ 3.60GHz
stepping	: 7
microcode	: 0x616
cpu MHz		: 3601.784
cache size	: 6144 KB
physical id	: 0
siblings	: 1
core id		: 0
cpu cores	: 1
apicid		: 0
initial apicid	: 0
fpu		: yes
fpu_exception	: yes
cpuid level	: 5
wp		: yes
flags		: fpu vme de pse tsc msr pae mce cx8 apic sep mtrr pge mca cmov pat pse36 clflush mmx fxsr sse sse2 syscall nx rdtscp lm constant_tsc rep_good nopl pni monitor ssse3 lahf_lm
bogomips	: 7203.56
clflush size	: 64
cache_alignment	: 64
address sizes	: 46 bits physical, 48 bits virtual
power management:



Memory: 4k page, physical 1019664k(61316k free), swap 1018876k(0k free)

vm_info: OpenJDK 64-Bit Server VM (25.40-b14) for linux-amd64 JRE (1.8.0_40-b10), built on Oct 22 2014 06:01:39 by "abuild" with gcc 4.8.3 20140627 [gcc-4_8-branch revision 212064]

time: Sat Jul  4 20:52:07 2015
elapsed time: 12 seconds (0d 0h 0m 12s)

